2016.01.31 05:22 B D:\formatapril2014\formatsept2013\websitesave\Chantler\1Chronicles.html --> ftp.wagondriver.com /public_html/chantler.com 1Chronicles.html
2016.01.31 05:22 B D:\formatapril2014\formatsept2013\websitesave\Chantler\1Corinthians.html --> ftp.wagondriver.com /public_html/chantler.com 1Corinthians.html
2016.01.31 05:23 B D:\formatapril2014\formatsept2013\websitesave\Chantler\1John.html --> ftp.wagondriver.com /public_html/chantler.com 1John.html
2016.01.31 05:23 B D:\formatapril2014\formatsept2013\websitesave\Chantler\1Kings.html --> ftp.wagondriver.com /public_html/chantler.com 1Kings.html
2016.01.31 05:23 B D:\formatapril2014\formatsept2013\websitesave\Chantler\1Peter.html --> ftp.wagondriver.com /public_html/chantler.com 1Peter.html
2016.01.31 05:23 B D:\formatapril2014\formatsept2013\websitesave\Chantler\1Samuel.html --> ftp.wagondriver.com /public_html/chantler.com 1Samuel.html
2016.01.31 05:23 B D:\formatapril2014\formatsept2013\websitesave\Chantler\1Thessalonians.html --> ftp.wagondriver.com /public_html/chantler.com 1Thessalonians.html
2016.01.31 05:23 B D:\formatapril2014\formatsept2013\websitesave\Chantler\1Timothy.html --> ftp.wagondriver.com /public_html/chantler.com 1Timothy.html
2016.01.31 05:23 B D:\formatapril2014\formatsept2013\websitesave\Chantler\2Chronicles.html --> ftp.wagondriver.com /public_html/chantler.com 2Chronicles.html
2016.01.31 05:23 B D:\formatapril2014\formatsept2013\websitesave\Chantler\2Corinthians.html --> ftp.wagondriver.com /public_html/chantler.com 2Corinthians.html
2016.01.31 05:23 B D:\formatapril2014\formatsept2013\websitesave\Chantler\2John.html --> ftp.wagondriver.com /public_html/chantler.com 2John.html
2016.01.31 05:23 B D:\formatapril2014\formatsept2013\websitesave\Chantler\2Kings.html --> ftp.wagondriver.com /public_html/chantler.com 2Kings.html
2016.01.31 05:23 B D:\formatapril2014\formatsept2013\websitesave\Chantler\2Peter.html --> ftp.wagondriver.com /public_html/chantler.com 2Peter.html
2016.01.31 05:23 B D:\formatapril2014\formatsept2013\websitesave\Chantler\2Samuel.html --> ftp.wagondriver.com /public_html/chantler.com 2Samuel.html
2016.01.31 05:23 B D:\formatapril2014\formatsept2013\websitesave\Chantler\2Thessalonians.html --> ftp.wagondriver.com /public_html/chantler.com 2Thessalonians.html
2016.01.31 05:23 B D:\formatapril2014\formatsept2013\websitesave\Chantler\2Timothy.html --> ftp.wagondriver.com /public_html/chantler.com 2Timothy.html
2016.01.31 05:23 B D:\formatapril2014\formatsept2013\websitesave\Chantler\3John.html --> ftp.wagondriver.com /public_html/chantler.com 3John.html
2016.01.31 05:23 B D:\formatapril2014\formatsept2013\websitesave\Chantler\Acts1to8.html --> ftp.wagondriver.com /public_html/chantler.com Acts1to8.html
2016.01.31 05:23 B D:\formatapril2014\formatsept2013\websitesave\Chantler\Acts9to28.html --> ftp.wagondriver.com /public_html/chantler.com Acts9to28.html
2016.01.31 05:23 B D:\formatapril2014\formatsept2013\websitesave\Chantler\Amos.html --> ftp.wagondriver.com /public_html/chantler.com Amos.html
2016.01.31 05:23 B D:\formatapril2014\formatsept2013\websitesave\Chantler\bibleindex.jpg --> ftp.wagondriver.com /public_html/chantler.com bibleindex.jpg
2016.01.31 05:23 B D:\formatapril2014\formatsept2013\websitesave\Chantler\Colossians.html --> ftp.wagondriver.com /public_html/chantler.com Colossians.html
2016.01.31 05:23 B D:\formatapril2014\formatsept2013\websitesave\Chantler\Daniel.html --> ftp.wagondriver.com /public_html/chantler.com Daniel.html
2016.01.31 05:23 B D:\formatapril2014\formatsept2013\websitesave\Chantler\Deuteronomy.html --> ftp.wagondriver.com /public_html/chantler.com Deuteronomy.html
2016.01.31 05:23 B D:\formatapril2014\formatsept2013\websitesave\Chantler\Ecclesiastes.html --> ftp.wagondriver.com /public_html/chantler.com Ecclesiastes.html
2016.01.31 05:23 B D:\formatapril2014\formatsept2013\websitesave\Chantler\Ephesians.html --> ftp.wagondriver.com /public_html/chantler.com Ephesians.html
2016.01.31 05:23 B D:\formatapril2014\formatsept2013\websitesave\Chantler\Esther.html --> ftp.wagondriver.com /public_html/chantler.com Esther.html
2016.01.31 05:23 B D:\formatapril2014\formatsept2013\websitesave\Chantler\Exekiel.html --> ftp.wagondriver.com /public_html/chantler.com Exekiel.html
2016.01.31 05:23 B D:\formatapril2014\formatsept2013\websitesave\Chantler\Exodus19to40.html --> ftp.wagondriver.com /public_html/chantler.com Exodus19to40.html
2016.01.31 05:23 B D:\formatapril2014\formatsept2013\websitesave\Chantler\Exodus1to18.html --> ftp.wagondriver.com /public_html/chantler.com Exodus1to18.html
2016.01.31 05:23 B D:\formatapril2014\formatsept2013\websitesave\Chantler\Ezra.html --> ftp.wagondriver.com /public_html/chantler.com Ezra.html
2016.01.31 05:23 B D:\formatapril2014\formatsept2013\websitesave\Chantler\Galatians.html --> ftp.wagondriver.com /public_html/chantler.com Galatians.html
2016.01.31 05:23 B D:\formatapril2014\formatsept2013\websitesave\Chantler\gallery.html --> ftp.wagondriver.com /public_html/chantler.com gallery.html
2016.01.31 05:23 B D:\formatapril2014\formatsept2013\websitesave\Chantler\Genesis.html --> ftp.wagondriver.com /public_html/chantler.com Genesis.html
2016.01.31 05:23 B D:\formatapril2014\formatsept2013\websitesave\Chantler\Habakkuk.html --> ftp.wagondriver.com /public_html/chantler.com Habakkuk.html
2016.01.31 05:23 B D:\formatapril2014\formatsept2013\websitesave\Chantler\Haggai.html --> ftp.wagondriver.com /public_html/chantler.com Haggai.html
2016.01.31 05:23 B D:\formatapril2014\formatsept2013\websitesave\Chantler\Hebrews.html --> ftp.wagondriver.com /public_html/chantler.com Hebrews.html
2016.01.31 05:23 B D:\formatapril2014\formatsept2013\websitesave\Chantler\Hosea.html --> ftp.wagondriver.com /public_html/chantler.com Hosea.html
2016.01.31 05:23 B D:\formatapril2014\formatsept2013\websitesave\Chantler\index.html --> ftp.wagondriver.com /public_html/chantler.com index.html
2016.01.31 05:23 B D:\formatapril2014\formatsept2013\websitesave\Chantler\Isaiah.html --> ftp.wagondriver.com /public_html/chantler.com Isaiah.html
2016.01.31 05:23 B D:\formatapril2014\formatsept2013\websitesave\Chantler\James.html --> ftp.wagondriver.com /public_html/chantler.com James.html
2016.01.31 05:24 B D:\formatapril2014\formatsept2013\websitesave\Chantler\Jeremiah.html --> ftp.wagondriver.com /public_html/chantler.com Jeremiah.html
2016.01.31 05:24 B D:\formatapril2014\formatsept2013\websitesave\Chantler\Job.html --> ftp.wagondriver.com /public_html/chantler.com Job.html
2016.01.31 05:24 B D:\formatapril2014\formatsept2013\websitesave\Chantler\Joel.html --> ftp.wagondriver.com /public_html/chantler.com Joel.html
2016.01.31 05:24 B D:\formatapril2014\formatsept2013\websitesave\Chantler\John19vs31to21.html --> ftp.wagondriver.com /public_html/chantler.com John19vs31to21.html
2016.01.31 05:24 B D:\formatapril2014\formatsept2013\websitesave\Chantler\John1to19vs30.html --> ftp.wagondriver.com /public_html/chantler.com John1to19vs30.html
2016.01.31 05:24 B D:\formatapril2014\formatsept2013\websitesave\Chantler\Jonah.html --> ftp.wagondriver.com /public_html/chantler.com Jonah.html
2016.01.31 05:24 B D:\formatapril2014\formatsept2013\websitesave\Chantler\Joshua.html --> ftp.wagondriver.com /public_html/chantler.com Joshua.html
2016.01.31 05:24 B D:\formatapril2014\formatsept2013\websitesave\Chantler\Jude.html --> ftp.wagondriver.com /public_html/chantler.com Jude.html
2016.01.31 05:24 B D:\formatapril2014\formatsept2013\websitesave\Chantler\Judges.html --> ftp.wagondriver.com /public_html/chantler.com Judges.html
2016.01.31 05:24 B D:\formatapril2014\formatsept2013\websitesave\Chantler\Lamentations.html --> ftp.wagondriver.com /public_html/chantler.com Lamentations.html
2016.01.31 05:24 B D:\formatapril2014\formatsept2013\websitesave\Chantler\Leviticus.html --> ftp.wagondriver.com /public_html/chantler.com Leviticus.html
2016.01.31 05:24 B D:\formatapril2014\formatsept2013\websitesave\Chantler\Luke1to23vs46.html --> ftp.wagondriver.com /public_html/chantler.com Luke1to23vs46.html
2016.01.31 05:24 B D:\formatapril2014\formatsept2013\websitesave\Chantler\Luke23vs47to24.html --> ftp.wagondriver.com /public_html/chantler.com Luke23vs47to24.html
2016.01.31 05:24 B D:\formatapril2014\formatsept2013\websitesave\Chantler\Malachi.html --> ftp.wagondriver.com /public_html/chantler.com Malachi.html
2016.01.31 05:24 B D:\formatapril2014\formatsept2013\websitesave\Chantler\Mark15vs38to16.html --> ftp.wagondriver.com /public_html/chantler.com Mark15vs38to16.html
2016.01.31 05:24 B D:\formatapril2014\formatsept2013\websitesave\Chantler\Mark1to15vs37.html --> ftp.wagondriver.com /public_html/chantler.com Mark1to15vs37.html
2016.01.31 05:24 B D:\formatapril2014\formatsept2013\websitesave\Chantler\Matthew1to27vs50.html --> ftp.wagondriver.com /public_html/chantler.com Matthew1to27vs50.html
2016.01.31 05:24 B D:\formatapril2014\formatsept2013\websitesave\Chantler\Matthew27vs51to28.html --> ftp.wagondriver.com /public_html/chantler.com Matthew27vs51to28.html
2016.01.31 05:24 B D:\formatapril2014\formatsept2013\websitesave\Chantler\Micah.html --> ftp.wagondriver.com /public_html/chantler.com Micah.html
2016.01.31 05:29 B D:\formatapril2014\formatsept2013\websitesave\Chantler\missingcrosspart1.mp3 --> ftp.wagondriver.com /public_html/chantler.com missingcrosspart1.mp3
2016.01.31 05:40 B D:\formatapril2014\formatsept2013\websitesave\Chantler\missingcrosspart2.mp3 --> ftp.wagondriver.com /public_html/chantler.com missingcrosspart2.mp3
2016.01.31 05:42 B D:\formatapril2014\formatsept2013\websitesave\Chantler\missingcrosspart3.mp3 --> ftp.wagondriver.com /public_html/chantler.com missingcrosspart3.mp3
2016.01.31 05:43 B D:\formatapril2014\formatsept2013\websitesave\Chantler\missingcrosspart4.mp3 --> ftp.wagondriver.com /public_html/chantler.com missingcrosspart4.mp3
2016.01.31 05:43 B D:\formatapril2014\formatsept2013\websitesave\Chantler\Nahum.html --> ftp.wagondriver.com /public_html/chantler.com Nahum.html
2016.01.31 05:43 B D:\formatapril2014\formatsept2013\websitesave\Chantler\Nehemiah.html --> ftp.wagondriver.com /public_html/chantler.com Nehemiah.html
2016.01.31 05:43 B D:\formatapril2014\formatsept2013\websitesave\Chantler\Numbers.html --> ftp.wagondriver.com /public_html/chantler.com Numbers.html
2016.01.31 05:43 B D:\formatapril2014\formatsept2013\websitesave\Chantler\Obadiah.html --> ftp.wagondriver.com /public_html/chantler.com Obadiah.html
2016.01.31 05:48 B D:\formatapril2014\formatsept2013\websitesave\Chantler\personalwebsitetemplate.psd --> ftp.wagondriver.com /public_html/chantler.com personalwebsitetemplate.psd
2016.01.31 05:48 B D:\formatapril2014\formatsept2013\websitesave\Chantler\Philemon.html --> ftp.wagondriver.com /public_html/chantler.com Philemon.html
2016.01.31 05:48 B D:\formatapril2014\formatsept2013\websitesave\Chantler\Philippians.html --> ftp.wagondriver.com /public_html/chantler.com Philippians.html
2016.01.31 05:48 B D:\formatapril2014\formatsept2013\websitesave\Chantler\Proverbs.html --> ftp.wagondriver.com /public_html/chantler.com Proverbs.html
2016.01.31 05:49 B D:\formatapril2014\formatsept2013\websitesave\Chantler\Psalms.html --> ftp.wagondriver.com /public_html/chantler.com Psalms.html
2016.01.31 05:49 B D:\formatapril2014\formatsept2013\websitesave\Chantler\Revelation.html --> ftp.wagondriver.com /public_html/chantler.com Revelation.html
2016.01.31 05:49 B D:\formatapril2014\formatsept2013\websitesave\Chantler\Romans.html --> ftp.wagondriver.com /public_html/chantler.com Romans.html
2016.01.31 05:49 B D:\formatapril2014\formatsept2013\websitesave\Chantler\Ruth.html --> ftp.wagondriver.com /public_html/chantler.com Ruth.html
2016.01.31 05:49 B D:\formatapril2014\formatsept2013\websitesave\Chantler\salvation.html --> ftp.wagondriver.com /public_html/chantler.com salvation.html
2016.01.31 05:49 B D:\formatapril2014\formatsept2013\websitesave\Chantler\SongofSolomon.html --> ftp.wagondriver.com /public_html/chantler.com SongofSolomon.html
2016.01.31 05:49 B D:\formatapril2014\formatsept2013\websitesave\Chantler\studies.html --> ftp.wagondriver.com /public_html/chantler.com studies.html
2016.01.31 05:49 B D:\formatapril2014\formatsept2013\websitesave\Chantler\Titus.html --> ftp.wagondriver.com /public_html/chantler.com Titus.html
2016.01.31 05:49 B D:\formatapril2014\formatsept2013\websitesave\Chantler\Zechariah.html --> ftp.wagondriver.com /public_html/chantler.com Zechariah.html
2016.01.31 05:49 B D:\formatapril2014\formatsept2013\websitesave\Chantler\Zephaniah.html --> ftp.wagondriver.com /public_html/chantler.com Zephaniah.html
2016.01.31 06:05 B D:\formatapril2014\formatsept2013\websitesave\Chantler\salvation.html --> ftp.wagondriver.com /public_html/chantler.com salvation.html
2016.01.31 06:10 B D:\formatapril2014\formatsept2013\websitesave\Chantler\index.html --> ftp.wagondriver.com /public_html/chantler.com index.html
2016.02.01 03:33 B D:\formatapril2014\formatsept2013\websitesave\Chantler\studies.html --> ftp.wagondriver.com /public_html/chantler.com studies.html
2016.02.01 05:31 B D:\formatapril2014\formatsept2013\websitesave\Chantler\index.html --> ftp.wagondriver.com /public_html/chantler.com index.html
2016.02.02 18:47 B D:\formatapril2014\formatsept2013\websitesave\Chantler\index.html --> ftp.wagondriver.com /public_html/chantler.com index.html
2016.02.03 12:35 B D:\formatapril2014\formatsept2013\websitesave\Chantler\salvation.html --> ftp.wagondriver.com /public_html/chantler.com salvation.html
2016.02.03 19:29 B D:\formatapril2014\formatsept2013\websitesave\Chantler\studies.html --> ftp.wagondriver.com /public_html/chantler.com studies.html
2016.02.25 04:26 B D:\formatapril2014\formatsept2013\websitesave\Chantler\salvation.html --> ftp.wagondriver.com /public_html/chantler.com salvation.html
2016.04.19 07:46 B C:\Users\NewDell\Desktop\WebsiteSave\Chantler\indexq.html --> ftp.wagondriver.com /public_html/chantler.com indexq.html
2016.04.19 07:46 B C:\Users\NewDell\Desktop\WebsiteSave\Chantler\indexqg.htm --> ftp.wagondriver.com /public_html/chantler.com indexqg.htm
2016.04.19 07:46 B C:\Users\NewDell\Desktop\WebsiteSave\Chantler\indexqs.html --> ftp.wagondriver.com /public_html/chantler.com indexqs.html
2016.04.19 07:46 B C:\Users\NewDell\Desktop\WebsiteSave\Chantler\indexqst.html --> ftp.wagondriver.com /public_html/chantler.com indexqst.html
2016.04.21 07:31 B C:\Users\NewDell\Desktop\WebsiteSave\Chantler\Isaiah.html --> ftp.wagondriver.com /public_html/chantler.com Isaiah.html
2016.04.21 07:31 B C:\Users\NewDell\Desktop\WebsiteSave\Chantler\James.html --> ftp.wagondriver.com /public_html/chantler.com James.html
2016.04.21 07:31 B C:\Users\NewDell\Desktop\WebsiteSave\Chantler\Jeremiah.html --> ftp.wagondriver.com /public_html/chantler.com Jeremiah.html
2016.04.21 07:31 B C:\Users\NewDell\Desktop\WebsiteSave\Chantler\Job.html --> ftp.wagondriver.com /public_html/chantler.com Job.html
2016.04.21 07:31 B C:\Users\NewDell\Desktop\WebsiteSave\Chantler\Joel.html --> ftp.wagondriver.com /public_html/chantler.com Joel.html
2016.04.21 07:31 B C:\Users\NewDell\Desktop\WebsiteSave\Chantler\John19vs31to21.html --> ftp.wagondriver.com /public_html/chantler.com John19vs31to21.html
2016.04.21 07:31 B C:\Users\NewDell\Desktop\WebsiteSave\Chantler\John1to19vs30.html --> ftp.wagondriver.com /public_html/chantler.com John1to19vs30.html
2016.04.21 07:31 B C:\Users\NewDell\Desktop\WebsiteSave\Chantler\Jonah.html --> ftp.wagondriver.com /public_html/chantler.com Jonah.html
2016.04.21 07:31 B C:\Users\NewDell\Desktop\WebsiteSave\Chantler\Joshua.html --> ftp.wagondriver.com /public_html/chantler.com Joshua.html
2016.04.21 07:31 B C:\Users\NewDell\Desktop\WebsiteSave\Chantler\Jude.html --> ftp.wagondriver.com /public_html/chantler.com Jude.html
2016.04.21 07:31 B C:\Users\NewDell\Desktop\WebsiteSave\Chantler\Judges.html --> ftp.wagondriver.com /public_html/chantler.com Judges.html
2016.04.21 07:31 B C:\Users\NewDell\Desktop\WebsiteSave\Chantler\Lamentations.html --> ftp.wagondriver.com /public_html/chantler.com Lamentations.html
2016.04.21 07:31 B C:\Users\NewDell\Desktop\WebsiteSave\Chantler\Leviticus.html --> ftp.wagondriver.com /public_html/chantler.com Leviticus.html
2016.04.21 07:31 B C:\Users\NewDell\Desktop\WebsiteSave\Chantler\Luke1to23vs46.html --> ftp.wagondriver.com /public_html/chantler.com Luke1to23vs46.html
2016.04.21 07:31 B C:\Users\NewDell\Desktop\WebsiteSave\Chantler\Luke23vs47to24.html --> ftp.wagondriver.com /public_html/chantler.com Luke23vs47to24.html
2016.04.21 07:31 B C:\Users\NewDell\Desktop\WebsiteSave\Chantler\Malachi.html --> ftp.wagondriver.com /public_html/chantler.com Malachi.html
2016.04.21 07:31 B C:\Users\NewDell\Desktop\WebsiteSave\Chantler\Mark15vs38to16.html --> ftp.wagondriver.com /public_html/chantler.com Mark15vs38to16.html
2016.04.21 07:31 B C:\Users\NewDell\Desktop\WebsiteSave\Chantler\Mark1to15vs37.html --> ftp.wagondriver.com /public_html/chantler.com Mark1to15vs37.html
2016.04.21 07:31 B C:\Users\NewDell\Desktop\WebsiteSave\Chantler\Matthew1to27vs50.html --> ftp.wagondriver.com /public_html/chantler.com Matthew1to27vs50.html
2016.04.21 07:31 B C:\Users\NewDell\Desktop\WebsiteSave\Chantler\Matthew27vs51to28.html --> ftp.wagondriver.com /public_html/chantler.com Matthew27vs51to28.html
2016.04.21 07:31 B C:\Users\NewDell\Desktop\WebsiteSave\Chantler\Micah.html --> ftp.wagondriver.com /public_html/chantler.com Micah.html
2016.04.21 07:36 B C:\Users\NewDell\Desktop\WebsiteSave\Chantler\missingcrosspart1.mp3 --> ftp.wagondriver.com /public_html/chantler.com missingcrosspart1.mp3
2016.04.21 07:48 B C:\Users\NewDell\Desktop\WebsiteSave\Chantler\missingcrosspart2.mp3 --> ftp.wagondriver.com /public_html/chantler.com missingcrosspart2.mp3
2016.04.21 07:50 B C:\Users\NewDell\Desktop\WebsiteSave\Chantler\missingcrosspart3.mp3 --> ftp.wagondriver.com /public_html/chantler.com missingcrosspart3.mp3
2016.04.21 07:50 B C:\Users\NewDell\Desktop\WebsiteSave\Chantler\missingcrosspart4.mp3 --> ftp.wagondriver.com /public_html/chantler.com missingcrosspart4.mp3
2016.04.21 07:50 B C:\Users\NewDell\Desktop\WebsiteSave\Chantler\Nahum.html --> ftp.wagondriver.com /public_html/chantler.com Nahum.html
2016.04.21 07:50 B C:\Users\NewDell\Desktop\WebsiteSave\Chantler\Nehemiah.html --> ftp.wagondriver.com /public_html/chantler.com Nehemiah.html
2016.04.21 07:50 B C:\Users\NewDell\Desktop\WebsiteSave\Chantler\Numbers.html --> ftp.wagondriver.com /public_html/chantler.com Numbers.html
2016.04.21 07:50 B C:\Users\NewDell\Desktop\WebsiteSave\Chantler\Obadiah.html --> ftp.wagondriver.com /public_html/chantler.com Obadiah.html
2016.04.21 07:56 B C:\Users\NewDell\Desktop\WebsiteSave\Chantler\personalwebsitetemplate.psd --> ftp.wagondriver.com /public_html/chantler.com personalwebsitetemplate.psd
2016.04.21 07:56 B C:\Users\NewDell\Desktop\WebsiteSave\Chantler\Philemon.html --> ftp.wagondriver.com /public_html/chantler.com Philemon.html
2016.04.21 07:56 B C:\Users\NewDell\Desktop\WebsiteSave\Chantler\Philippians.html --> ftp.wagondriver.com /public_html/chantler.com Philippians.html
2016.04.21 07:56 B C:\Users\NewDell\Desktop\WebsiteSave\Chantler\Proverbs.html --> ftp.wagondriver.com /public_html/chantler.com Proverbs.html
2016.04.21 07:56 B C:\Users\NewDell\Desktop\WebsiteSave\Chantler\Psalms.html --> ftp.wagondriver.com /public_html/chantler.com Psalms.html
2016.04.21 07:56 B C:\Users\NewDell\Desktop\WebsiteSave\Chantler\Revelation.html --> ftp.wagondriver.com /public_html/chantler.com Revelation.html
2016.04.21 07:56 B C:\Users\NewDell\Desktop\WebsiteSave\Chantler\Romans.html --> ftp.wagondriver.com /public_html/chantler.com Romans.html
2016.04.21 07:56 B C:\Users\NewDell\Desktop\WebsiteSave\Chantler\Ruth.html --> ftp.wagondriver.com /public_html/chantler.com Ruth.html
2016.04.21 07:56 B C:\Users\NewDell\Desktop\WebsiteSave\Chantler\SongofSolomon.html --> ftp.wagondriver.com /public_html/chantler.com SongofSolomon.html
2016.04.21 07:56 B C:\Users\NewDell\Desktop\WebsiteSave\Chantler\Titus.html --> ftp.wagondriver.com /public_html/chantler.com Titus.html
2016.04.21 07:56 B C:\Users\NewDell\Desktop\WebsiteSave\Chantler\Zechariah.html --> ftp.wagondriver.com /public_html/chantler.com Zechariah.html
2016.04.21 07:56 B C:\Users\NewDell\Desktop\WebsiteSave\Chantler\Zephaniah.html --> ftp.wagondriver.com /public_html/chantler.com Zephaniah.html
2016.04.21 11:46 B C:\Users\NewDell\Desktop\WebsiteSave\Chantler\1Chronicles.html --> ftp.wagondriver.com /public_html/chantler.com 1Chronicles.html
2016.04.21 11:46 B C:\Users\NewDell\Desktop\WebsiteSave\Chantler\1Corinthians.html --> ftp.wagondriver.com /public_html/chantler.com 1Corinthians.html
2016.04.21 11:46 B C:\Users\NewDell\Desktop\WebsiteSave\Chantler\1John.html --> ftp.wagondriver.com /public_html/chantler.com 1John.html
2016.04.21 11:46 B C:\Users\NewDell\Desktop\WebsiteSave\Chantler\1Kings.html --> ftp.wagondriver.com /public_html/chantler.com 1Kings.html
2016.04.21 11:46 B C:\Users\NewDell\Desktop\WebsiteSave\Chantler\1Peter.html --> ftp.wagondriver.com /public_html/chantler.com 1Peter.html
2016.04.21 11:46 B C:\Users\NewDell\Desktop\WebsiteSave\Chantler\1Samuel.html --> ftp.wagondriver.com /public_html/chantler.com 1Samuel.html
2016.04.21 11:46 B C:\Users\NewDell\Desktop\WebsiteSave\Chantler\1Thessalonians.html --> ftp.wagondriver.com /public_html/chantler.com 1Thessalonians.html
2016.04.21 11:46 B C:\Users\NewDell\Desktop\WebsiteSave\Chantler\1Timothy.html --> ftp.wagondriver.com /public_html/chantler.com 1Timothy.html
2016.04.21 11:46 B C:\Users\NewDell\Desktop\WebsiteSave\Chantler\2Chronicles.html --> ftp.wagondriver.com /public_html/chantler.com 2Chronicles.html
2016.04.21 11:46 B C:\Users\NewDell\Desktop\WebsiteSave\Chantler\2Corinthians.html --> ftp.wagondriver.com /public_html/chantler.com 2Corinthians.html
2016.04.21 11:46 B C:\Users\NewDell\Desktop\WebsiteSave\Chantler\2John.html --> ftp.wagondriver.com /public_html/chantler.com 2John.html
2016.04.21 11:46 B C:\Users\NewDell\Desktop\WebsiteSave\Chantler\2Kings.html --> ftp.wagondriver.com /public_html/chantler.com 2Kings.html
2016.04.21 11:46 B C:\Users\NewDell\Desktop\WebsiteSave\Chantler\2Peter.html --> ftp.wagondriver.com /public_html/chantler.com 2Peter.html
2016.04.21 11:46 B C:\Users\NewDell\Desktop\WebsiteSave\Chantler\2Samuel.html --> ftp.wagondriver.com /public_html/chantler.com 2Samuel.html
2016.04.21 11:46 B C:\Users\NewDell\Desktop\WebsiteSave\Chantler\2Thessalonians.html --> ftp.wagondriver.com /public_html/chantler.com 2Thessalonians.html
2016.04.21 11:46 B C:\Users\NewDell\Desktop\WebsiteSave\Chantler\2Timothy.html --> ftp.wagondriver.com /public_html/chantler.com 2Timothy.html
2016.04.21 11:46 B C:\Users\NewDell\Desktop\WebsiteSave\Chantler\3John.html --> ftp.wagondriver.com /public_html/chantler.com 3John.html
2016.04.21 11:46 B C:\Users\NewDell\Desktop\WebsiteSave\Chantler\Acts1to8.html --> ftp.wagondriver.com /public_html/chantler.com Acts1to8.html
2016.04.21 11:46 B C:\Users\NewDell\Desktop\WebsiteSave\Chantler\Acts9to28.html --> ftp.wagondriver.com /public_html/chantler.com Acts9to28.html
2016.04.21 11:46 B C:\Users\NewDell\Desktop\WebsiteSave\Chantler\Amos.html --> ftp.wagondriver.com /public_html/chantler.com Amos.html
2016.04.21 11:46 B C:\Users\NewDell\Desktop\WebsiteSave\Chantler\bibleindex.jpg --> ftp.wagondriver.com /public_html/chantler.com bibleindex.jpg
2016.04.21 11:46 B C:\Users\NewDell\Desktop\WebsiteSave\Chantler\Colossians.html --> ftp.wagondriver.com /public_html/chantler.com Colossians.html
2016.04.21 11:46 B C:\Users\NewDell\Desktop\WebsiteSave\Chantler\Daniel.html --> ftp.wagondriver.com /public_html/chantler.com Daniel.html
2016.04.21 11:46 B C:\Users\NewDell\Desktop\WebsiteSave\Chantler\Deuteronomy.html --> ftp.wagondriver.com /public_html/chantler.com Deuteronomy.html
2016.04.21 11:46 B C:\Users\NewDell\Desktop\WebsiteSave\Chantler\Ecclesiastes.html --> ftp.wagondriver.com /public_html/chantler.com Ecclesiastes.html
2016.04.21 11:46 B C:\Users\NewDell\Desktop\WebsiteSave\Chantler\Ephesians.html --> ftp.wagondriver.com /public_html/chantler.com Ephesians.html
2016.04.21 11:46 B C:\Users\NewDell\Desktop\WebsiteSave\Chantler\Esther.html --> ftp.wagondriver.com /public_html/chantler.com Esther.html
2016.04.21 11:46 B C:\Users\NewDell\Desktop\WebsiteSave\Chantler\Exekiel.html --> ftp.wagondriver.com /public_html/chantler.com Exekiel.html
2016.04.21 11:46 B C:\Users\NewDell\Desktop\WebsiteSave\Chantler\Exodus19to40.html --> ftp.wagondriver.com /public_html/chantler.com Exodus19to40.html
2016.04.21 11:46 B C:\Users\NewDell\Desktop\WebsiteSave\Chantler\Exodus1to18.html --> ftp.wagondriver.com /public_html/chantler.com Exodus1to18.html
2016.04.21 11:46 B C:\Users\NewDell\Desktop\WebsiteSave\Chantler\Ezra.html --> ftp.wagondriver.com /public_html/chantler.com Ezra.html
2016.04.21 11:46 B C:\Users\NewDell\Desktop\WebsiteSave\Chantler\Galatians.html --> ftp.wagondriver.com /public_html/chantler.com Galatians.html
2016.04.21 11:46 B C:\Users\NewDell\Desktop\WebsiteSave\Chantler\Genesis.html --> ftp.wagondriver.com /public_html/chantler.com Genesis.html
2016.04.21 11:46 B C:\Users\NewDell\Desktop\WebsiteSave\Chantler\Habakkuk.html --> ftp.wagondriver.com /public_html/chantler.com Habakkuk.html
2016.04.21 11:46 B C:\Users\NewDell\Desktop\WebsiteSave\Chantler\Haggai.html --> ftp.wagondriver.com /public_html/chantler.com Haggai.html
2016.04.21 11:47 B C:\Users\NewDell\Desktop\WebsiteSave\Chantler\Hebrews.html --> ftp.wagondriver.com /public_html/chantler.com Hebrews.html
2016.04.21 11:47 B C:\Users\NewDell\Desktop\WebsiteSave\Chantler\Hosea.html --> ftp.wagondriver.com /public_html/chantler.com Hosea.html
2016.04.21 11:48 B C:\Users\NewDell\Desktop\WebsiteSave\Chantler\index.html --> ftp.wagondriver.com /public_html/chantler.com index.html
2016.04.21 11:48 B C:\Users\NewDell\Desktop\WebsiteSave\Chantler\gallery.html --> ftp.wagondriver.com /public_html/chantler.com gallery.html
2016.04.21 11:48 B C:\Users\NewDell\Desktop\WebsiteSave\Chantler\salvation.html --> ftp.wagondriver.com /public_html/chantler.com salvation.html
2016.04.21 11:48 B C:\Users\NewDell\Desktop\WebsiteSave\Chantler\studies.html --> ftp.wagondriver.com /public_html/chantler.com studies.html
2016.05.05 19:13 B C:\Users\NewDell\Desktop\WebsiteSave\Chantler\index.html --> ftp.wagondriver.com /public_html/chantler.com index.html
2016.05.30 01:30 B C:\Users\NewDell\Desktop\WebsiteSave\Chantler\Revelation.html --> ftp.wagondriver.com /public_html/chantler.com Revelation.html
2016.11.16 19:49 B C:\Users\NewDEll\Desktop\WebsiteSave\Chantler\studies.html --> ftp.wagondriver.com /public_html/chantler.com studies.html
2016.12.03 16:42 B C:\Users\NewDEll\Desktop\WebsiteSave\Chantler\joemcknight.mp3 --> ftp.wagondriver.com /public_html/chantler.com joemcknight.mp3
2016.12.08 09:20 B C:\Users\NewDEll\Desktop\WebsiteSave\Chantler\salvation.html --> ftp.wagondriver.com /public_html/chantler.com salvation.html
2017.01.09 04:04 B C:\Users\NewDEll\Desktop\WebsiteSave\Chantler\audioplayer.html --> ftp.wagondriver.com /public_html/chantler.com audioplayer.html
2017.01.15 04:04 B C:\Users\NewDEll\Desktop\WebsiteSave\Chantler\audioplayer.html --> ftp.wagondriver.com /public_html/chantler.com audioplayer.html
2017.02.09 01:59 B C:\Users\NewDEll\Desktop\WebsiteSave\Chantler\salvation.html --> ftp.wagondriver.com /public_html/chantler.com salvation.html
2017.02.27 19:36 B C:\Users\NewDEll\Desktop\WebsiteSave\Chantler\Jude.html --> ftp.wagondriver.com /public_html/chantler.com Jude.html
2017.11.05 02:30 B C:\Users\NewDell\Desktop\WebsiteSave\Chantler\studies.html --> ftp.wagondriver.com /public_html/chantler.com studies.html
2017.11.05 02:47 B C:\Users\NewDell\Desktop\WebsiteSave\Chantler\index.html --> ftp.wagondriver.com /public_html/chantler.com index.html
2017.11.05 02:51 B C:\Users\NewDell\Desktop\WebsiteSave\Chantler\salvation.html --> ftp.wagondriver.com /public_html/chantler.com salvation.html
2017.11.05 02:54 B C:\Users\NewDell\Desktop\WebsiteSave\Chantler\gallery.html --> ftp.wagondriver.com /public_html/chantler.com gallery.html
2017.11.05 02:55 B C:\Users\NewDell\Desktop\WebsiteSave\Chantler\studies.html --> ftp.wagondriver.com /public_html/chantler.com studies.html
2017.11.05 03:11 B C:\Users\NewDell\Desktop\WebsiteSave\Chantler\salvation.html --> ftp.wagondriver.com /public_html/chantler.com salvation.html
2017.11.05 03:32 B C:\Users\NewDell\Desktop\WebsiteSave\Chantler\Ephesians.html --> ftp.wagondriver.com /public_html/chantler.com Ephesians.html
2017.11.13 01:59 B C:\Users\NewDell\Desktop\WebsiteSave\Chantler\index.html --> ftp.wagondriver.com /public_html/chantler.com index.html
2018.01.03 19:32 B J:\WebsiteSave\Chantler\Romans.html --> ftp.wagondriver.com /public_html/chantler.com Romans.html
2018.01.15 04:32 B J:\WebsiteSave\Chantler\Ephesians.html --> ftp.wagondriver.com /public_html/chantler.com Ephesians.html
2018.05.27 02:38 B C:\Users\NewDell\Desktop\WebsiteSave\Chantler\index.html --> ftp.wagondriver.com /public_html/chantler.com index.html
2018.05.27 02:38 B C:\Users\NewDell\Desktop\WebsiteSave\Chantler\Exodus19to40.html --> ftp.wagondriver.com /public_html/chantler.com Exodus19to40.html
2018.05.27 02:38 B C:\Users\NewDell\Desktop\WebsiteSave\Chantler\Genesis.html --> ftp.wagondriver.com /public_html/chantler.com Genesis.html
2018.05.27 03:42 B C:\Users\NewDell\Desktop\WebsiteSave\Chantler\salvation.html --> ftp.wagondriver.com /public_html/chantler.com salvation.html
2018.05.27 03:46 B C:\Users\NewDell\Desktop\WebsiteSave\Chantler\salvation.html --> ftp.wagondriver.com /public_html/chantler.com salvation.html
2018.05.27 04:10 B C:\Users\NewDell\Desktop\WebsiteSave\Chantler\salvation.html --> ftp.wagondriver.com /public_html/chantler.com salvation.html
2018.05.28 04:35 B C:\Users\NewDell\Desktop\WebsiteSave\Chantler\gallery.html --> ftp.wagondriver.com /public_html/chantler.com gallery.html
2018.05.28 04:39 B C:\Users\NewDell\Desktop\WebsiteSave\Chantler\gallery.html --> ftp.wagondriver.com /public_html/chantler.com gallery.html
2018.05.28 18:22 B C:\Users\NewDell\Desktop\WebsiteSave\Chantler\index.html --> ftp.wagondriver.com /public_html/chantler.com index.html
2018.05.29 17:21 B C:\Users\NewDell\Desktop\WebsiteSave\Chantler\index.html --> ftp.wagondriver.com /public_html/chantler.com index.html
2018.05.29 17:26 B C:\Users\NewDell\Desktop\WebsiteSave\Chantler\index.html --> ftp.wagondriver.com /public_html/chantler.com index.html
2018.06.03 06:49 B C:\Users\NewDell\Desktop\WebsiteSave\Chantler\salvation.html --> ftp.wagondriver.com /public_html/chantler.com salvation.html
2018.06.11 03:20 B C:\Users\NewDell\Desktop\WebsiteSave\Chantler\Genesis.html --> ftp.wagondriver.com /public_html/chantler.com Genesis.html
2018.06.11 03:39 B C:\Users\NewDell\Desktop\WebsiteSave\Chantler\Romans.html --> ftp.wagondriver.com /public_html/chantler.com Romans.html
2018.06.11 17:56 B C:\Users\NewDell\Desktop\WebsiteSave\Chantler\Psalms.html --> ftp.wagondriver.com /public_html/chantler.com Psalms.html
2018.07.02 01:50 B C:\Users\NewDell\Desktop\WebsiteSave\Chantler\googlec8b03e9439d77d65.html --> ftp.wagondriver.com /public_html/chantler.com googlec8b03e9439d77d65.html
2018.07.03 03:31 B C:\Users\NewDell\Desktop\WebsiteSave\Chantler\salvation.html --> ftp.wagondriver.com /public_html/chantler.com salvation.html
2018.07.03 03:48 B C:\Users\NewDell\Desktop\WebsiteSave\Chantler\studies.html --> ftp.wagondriver.com /public_html/chantler.com studies.html
2018.07.03 03:52 B C:\Users\NewDell\Desktop\WebsiteSave\Chantler\studies.html --> ftp.wagondriver.com /public_html/chantler.com studies.html
2018.07.03 04:31 B C:\Users\NewDell\Desktop\WebsiteSave\Chantler\studies.html --> ftp.wagondriver.com /public_html/chantler.com studies.html
2018.07.03 12:30 B C:\Users\NewDell\Desktop\WebsiteSave\Chantler\salvation.html --> ftp.wagondriver.com /public_html/chantler.com salvation.html
2018.07.03 12:37 B C:\Users\NewDell\Desktop\WebsiteSave\Chantler\studies.html --> ftp.wagondriver.com /public_html/chantler.com studies.html
2018.07.04 11:14 B C:\Users\NewDell\Desktop\WebsiteSave\Chantler\salvation.html --> ftp.wagondriver.com /public_html/chantler.com salvation.html
2018.07.09 01:45 B C:\Users\NewDell\Desktop\WebsiteSave\Chantler\salvation.html --> ftp.wagondriver.com /public_html/chantler.com salvation.html
2018.08.18 14:54 B C:\Users\NewDell\Desktop\WebsiteSave\Chantler\index.html --> ftp.wagondriver.com /public_html/chantler.com index.html
2018.08.18 14:54 B C:\Users\NewDell\Desktop\WebsiteSave\Chantler\salvation.html --> ftp.wagondriver.com /public_html/chantler.com salvation.html
2018.08.18 15:09 B C:\Users\NewDell\Desktop\WebsiteSave\Chantler\salvation.html --> ftp.wagondriver.com /public_html/chantler.com salvation.html
2018.08.18 23:30 B C:\Users\NewDell\Desktop\WebsiteSave\Chantler\salvation.html --> ftp.wagondriver.com /public_html/chantler.com salvation.html
2018.08.21 16:24 B C:\Users\NewDell\Desktop\WebsiteSave\Chantler\Psalms.html --> ftp.wagondriver.com /public_html/chantler.com Psalms.html
2018.08.21 17:25 B C:\Users\NewDell\Desktop\WebsiteSave\Chantler\Psalms.html --> ftp.wagondriver.com /public_html/chantler.com Psalms.html
2018.08.22 08:22 B C:\Users\NewDell\Desktop\WebsiteSave\Chantler\Romans.html --> ftp.wagondriver.com /public_html/chantler.com Romans.html
2018.08.22 08:28 B C:\Users\NewDell\Desktop\WebsiteSave\Chantler\Romans.html --> ftp.wagondriver.com /public_html/chantler.com Romans.html
2018.08.22 08:33 B C:\Users\NewDell\Desktop\WebsiteSave\Chantler\Romans.html --> ftp.wagondriver.com /public_html/chantler.com Romans.html
2018.08.22 19:23 B C:\Users\NewDell\Desktop\WebsiteSave\Chantler\1Corinthians.html --> ftp.wagondriver.com /public_html/chantler.com 1Corinthians.html
2018.08.22 20:06 B C:\Users\NewDell\Desktop\WebsiteSave\Chantler\2Corinthians.html --> ftp.wagondriver.com /public_html/chantler.com 2Corinthians.html
2018.08.22 20:19 B C:\Users\NewDell\Desktop\WebsiteSave\Chantler\Galatians.html --> ftp.wagondriver.com /public_html/chantler.com Galatians.html
2018.08.22 20:31 B C:\Users\NewDell\Desktop\WebsiteSave\Chantler\Ephesians.html --> ftp.wagondriver.com /public_html/chantler.com Ephesians.html
2018.08.22 22:29 B C:\Users\NewDell\Desktop\WebsiteSave\Chantler\Psalms.html --> ftp.wagondriver.com /public_html/chantler.com Psalms.html
2018.08.23 05:48 B C:\Users\NewDell\Desktop\WebsiteSave\Chantler\Psalms.html --> ftp.wagondriver.com /public_html/chantler.com Psalms.html
2018.08.23 22:48 B C:\Users\NewDell\Desktop\WebsiteSave\Chantler\Philippians.html --> ftp.wagondriver.com /public_html/chantler.com Philippians.html
2018.08.26 15:07 B F:\Users\NewDell\Desktop\WebsiteSave\Chantler\Philippians.html --> ftp.wagondriver.com /public_html/chantler.com Philippians.html
2018.08.27 04:31 B F:\Users\NewDell\Desktop\WebsiteSave\Chantler\Colossians.html --> ftp.wagondriver.com /public_html/chantler.com Colossians.html
2018.08.30 13:34 B F:\Users\NewDell\Desktop\WebsiteSave\Chantler\Colossians.html --> ftp.wagondriver.com /public_html/chantler.com Colossians.html
2018.08.30 13:35 B F:\Users\NewDell\Desktop\WebsiteSave\Chantler\Colossians.html --> ftp.wagondriver.com /public_html/chantler.com Colossians.html
2018.08.30 13:35 B F:\Users\NewDell\Desktop\WebsiteSave\Chantler\Colossians.html --> ftp.wagondriver.com /public_html/chantler.com Colossians.html
2018.09.02 01:48 B F:\Users\NewDell\Desktop\WebsiteSave\Chantler\1Thessalonians.html --> ftp.wagondriver.com /public_html/chantler.com 1Thessalonians.html
2018.09.02 02:30 B F:\Users\NewDell\Desktop\WebsiteSave\Chantler\2Thessalonians.html --> ftp.wagondriver.com /public_html/chantler.com 2Thessalonians.html
2018.09.30 03:24 B F:\Users\NewDell\Desktop\WebsiteSave\Chantler\salvation.html --> ftp.wagondriver.com /public_html/chantler.com salvation.html
2018.10.17 22:35 B F:\Users\NewDell\Desktop\WebsiteSave\Chantler\1Timothy.html --> ftp.wagondriver.com /public_html/chantler.com 1Timothy.html
2018.10.18 00:45 B F:\Users\NewDell\Desktop\WebsiteSave\Chantler\2Timothy.html --> ftp.wagondriver.com /public_html/chantler.com 2Timothy.html
2018.10.19 05:25 B F:\Users\NewDell\Desktop\WebsiteSave\Chantler\yourtheone.mp3 --> ftp.wagondriver.com /public_html/chantler.com yourtheone.mp3
2018.10.20 01:40 B F:\Users\NewDell\Desktop\WebsiteSave\Chantler\Titus.html --> ftp.wagondriver.com /public_html/chantler.com Titus.html
2018.10.20 01:40 B F:\Users\NewDell\Desktop\WebsiteSave\Chantler\Philemon.html --> ftp.wagondriver.com /public_html/chantler.com Philemon.html
2018.10.24 02:28 B F:\Users\NewDell\Desktop\WebsiteSave\Chantler\display.html --> ftp.wagondriver.com /public_html/chantler.com display.html
2018.10.24 02:28 B F:\Users\NewDell\Desktop\WebsiteSave\Chantler\downscaling.jpg --> ftp.wagondriver.com /public_html/chantler.com downscaling.jpg
2018.12.18 04:20 B C:\Users\NewDell\Desktop\WebsiteSave\Chantler\salvation.html --> ftp.wagondriver.com /public_html/chantler.com salvation.html
2019.01.24 15:22 B C:\Users\NewDell\Desktop\WebsiteSave\Chantler\infowars.html --> ftp.wagondriver.com /public_html infowars.html
2019.01.24 15:23 B C:\Users\NewDell\Desktop\WebsiteSave\Chantler\infowars.html --> ftp.wagondriver.com /public_html/chantler.com infowars.html
2019.02.17 01:26 B C:\Users\NewDell\Desktop\WebsiteSave\Chantler\salvationfromhell.mp4 --> ftp.wagondriver.com /public_html/chantler.com salvationfromhell.mp4
2019.02.17 01:43 B C:\Users\NewDell\Desktop\WebsiteSave\Chantler\salvationfromhell.mp3 --> ftp.wagondriver.com /public_html/chantler.com salvationfromhell.mp3
2019.02.19 02:44 B C:\Users\NewDell\Desktop\WebsiteSave\Chantler\favicon.ico --> 198.54.114.166 /public_html/chantler.com favicon.ico
2019.02.19 02:44 B C:\Users\NewDell\Desktop\WebsiteSave\Chantler\index.html --> 198.54.114.166 /public_html/chantler.com index.html
2019.02.21 00:00 B C:\Users\NewDell\Desktop\WebsiteSave\Chantler\practisinggay.mp4 --> 198.54.114.166 /public_html/chantler.com practisinggay.mp4
2019.04.30 04:12 B C:\Users\NEWDEll\Desktop\WebsiteSave\Chantler\index.html --> 198.54.114.166 /public_html/chantler.com index.html
2019.04.30 04:25 B C:\Users\NEWDEll\Desktop\WebsiteSave\Chantler\index.html --> 198.54.114.166 /public_html/chantler.com index.html
2019.05.10 02:54 B C:\Users\NEWDEll\Desktop\WebsiteSave\Chantler\studies.html --> 198.54.114.166 /public_html/chantler.com studies.html
2019.05.10 03:06 B C:\Users\NEWDEll\Desktop\WebsiteSave\Chantler\index.html --> 198.54.114.166 /public_html/chantler.com index.html
2019.05.24 06:50 B C:\Users\NEWDEll\Desktop\WebsiteSave\Chantler\Exodus1to18.html --> 198.54.114.166 /public_html/chantler.com Exodus1to18.html
2019.05.25 02:22 B C:\Users\NEWDEll\Desktop\WebsiteSave\Chantler\Exodus1to18.html --> 198.54.114.166 /public_html/chantler.com Exodus1to18.html
2019.05.25 02:45 B C:\Users\NEWDEll\Desktop\WebsiteSave\Chantler\Exodus1to18.html --> 198.54.114.166 /public_html/chantler.com Exodus1to18.html
2019.05.25 02:45 B C:\Users\NEWDEll\Desktop\WebsiteSave\Chantler\Matthew1to27vs50.html --> 198.54.114.166 /public_html/chantler.com Matthew1to27vs50.html
2019.05.25 12:33 B C:\Users\NEWDEll\Desktop\WebsiteSave\Chantler\Mark1to15vs37.html --> 198.54.114.166 /public_html/chantler.com Mark1to15vs37.html
2019.05.25 12:34 B C:\Users\NEWDEll\Desktop\WebsiteSave\Chantler\Luke1to23vs46.html --> 198.54.114.166 /public_html/chantler.com Luke1to23vs46.html
2019.05.25 13:10 B C:\Users\NEWDEll\Desktop\WebsiteSave\Chantler\Matthew1to27vs50.html --> 198.54.114.166 /public_html/chantler.com Matthew1to27vs50.html
2019.05.25 13:10 B C:\Users\NEWDEll\Desktop\WebsiteSave\Chantler\Mark1to15vs37.html --> 198.54.114.166 /public_html/chantler.com Mark1to15vs37.html
2019.05.25 13:10 B C:\Users\NEWDEll\Desktop\WebsiteSave\Chantler\Luke1to23vs46.html --> 198.54.114.166 /public_html/chantler.com Luke1to23vs46.html
2019.05.25 13:17 B C:\Users\NEWDEll\Desktop\WebsiteSave\Chantler\John1to19vs30.html --> 198.54.114.166 /public_html/chantler.com John1to19vs30.html
2019.05.25 15:23 B C:\Users\NEWDEll\Desktop\WebsiteSave\Chantler\Acts1to8.html --> 198.54.114.166 /public_html/chantler.com Acts1to8.html
2019.05.25 15:25 B C:\Users\NEWDEll\Desktop\WebsiteSave\Chantler\Acts1to8.html --> 198.54.114.166 /public_html/chantler.com Acts1to8.html
2019.05.26 13:16 B C:\Users\NEWDEll\Desktop\WebsiteSave\Chantler\google5cf475d7c4de6539.html --> 198.54.114.166 /public_html/chantler.com google5cf475d7c4de6539.html
2019.05.31 06:27 B C:\Users\NEWDEll\Desktop\WebsiteSave\Chantler\index.html --> 198.54.114.166 /public_html/chantler.com index.html
2019.05.31 06:31 B C:\Users\NEWDEll\Desktop\WebsiteSave\Chantler\index.html --> 198.54.114.166 /public_html/chantler.com index.html
2019.06.12 01:04 B C:\Users\NEWDEll\Desktop\WebsiteSave\Chantler\index.html --> 198.54.114.166 /public_html/chantler.com index.html
2019.06.12 01:07 B C:\Users\NEWDEll\Desktop\WebsiteSave\Chantler\index.html --> 198.54.114.166 /public_html/chantler.com index.html
2019.06.12 01:10 B C:\Users\NEWDEll\Desktop\WebsiteSave\Chantler\index.html --> 198.54.114.166 /public_html/chantler.com index.html
2019.06.12 01:19 B C:\Users\NEWDEll\Desktop\WebsiteSave\Chantler\index.html --> 198.54.114.166 /public_html/chantler.com index.html
2019.06.12 01:22 B C:\Users\NEWDEll\Desktop\WebsiteSave\Chantler\index.html --> 198.54.114.166 /public_html/chantler.com index.html
2019.07.21 00:22 B C:\Users\NEWDEll\Desktop\WebsiteSave\Chantler\hell2018.mp4 --> 198.54.114.166 /public_html/chantler.com hell2018.mp4
2019.07.21 00:40 B C:\Users\NEWDEll\Desktop\WebsiteSave\Chantler\hellisreal.mp4 --> 198.54.114.166 /public_html/chantler.com hellisreal.mp4
2019.07.21 00:41 B C:\Users\NEWDEll\Desktop\WebsiteSave\Chantler\studies.html --> 198.54.114.166 /public_html/chantler.com studies.html
2019.07.21 00:42 B C:\Users\NEWDEll\Desktop\WebsiteSave\Chantler\studies.html --> 198.54.114.166 /public_html/chantler.com studies.html
2019.07.21 00:57 B C:\Users\NEWDEll\Desktop\WebsiteSave\Chantler\studies.html --> 198.54.114.166 /public_html/chantler.com studies.html
2019.07.21 01:05 B C:\Users\NEWDEll\Desktop\WebsiteSave\Chantler\studies.html --> 198.54.114.166 /public_html/chantler.com studies.html
2019.07.21 01:06 B C:\Users\NEWDEll\Desktop\WebsiteSave\Chantler\studies.html --> 198.54.114.166 /public_html/chantler.com studies.html
2019.07.21 01:07 B C:\Users\NEWDEll\Desktop\WebsiteSave\Chantler\studies.html --> 198.54.114.166 /public_html/chantler.com studies.html
2019.07.21 01:18 B C:\Users\NEWDEll\Desktop\WebsiteSave\Chantler\studies.html --> 198.54.114.166 /public_html/chantler.com studies.html
2019.07.21 01:23 B C:\Users\NEWDEll\Desktop\WebsiteSave\Chantler\studies.html --> 198.54.114.166 /public_html/chantler.com studies.html
2019.08.21 12:13 B C:\Users\Jon\Desktop\WebsiteSave\Chantler\google8e573c70a83cb423.html --> 198.54.114.166 /public_html/chantler.com google8e573c70a83cb423.html
2019.08.26 03:44 B C:\Users\Jon\Desktop\WebsiteSave\Chantler\salvation.html --> 198.54.114.166 /public_html/chantler.com salvation.html
2019.09.01 01:44 B C:\Users\Jon\Desktop\WebsiteSave\Chantler\John1to19vs30.html --> 198.54.114.166 /public_html/chantler.com John1to19vs30.html
2019.09.01 02:41 B C:\Users\Jon\Desktop\WebsiteSave\Chantler\studies.html --> 198.54.114.166 /public_html/chantler.com studies.html
2019.09.15 04:00 B C:\Users\Jon\Desktop\WebsiteSave\Chantler\index.html --> 198.54.114.166 /public_html/chantler.com index.html
2019.10.07 06:40 B C:\Users\Jon\Desktop\WebsiteSave\Chantler\newc.html --> 198.54.114.166 /public_html/chantler.com newc.html
2019.10.10 00:07 B C:\Users\Jon\Desktop\WebsiteSave\Chantler\index.html --> 198.54.114.166 /public_html/chantler.com index.html
2019.10.13 02:04 B C:\Users\Jon\Desktop\WebsiteSave\Chantler\Exodus19to40.html --> 198.54.114.166 /public_html/chantler.com Exodus19to40.html
2019.10.13 02:04 B C:\Users\Jon\Desktop\WebsiteSave\Chantler\Leviticus.html --> 198.54.114.166 /public_html/chantler.com Leviticus.html
2019.10.13 03:29 B C:\Users\Jon\Desktop\WebsiteSave\Chantler\Numbers.html --> 198.54.114.166 /public_html/chantler.com Numbers.html
2019.10.13 03:29 B C:\Users\Jon\Desktop\WebsiteSave\Chantler\Deuteronomy.html --> 198.54.114.166 /public_html/chantler.com Deuteronomy.html
2019.10.13 03:29 B C:\Users\Jon\Desktop\WebsiteSave\Chantler\Joshua.html --> 198.54.114.166 /public_html/chantler.com Joshua.html
2019.10.13 03:29 B C:\Users\Jon\Desktop\WebsiteSave\Chantler\Judges.html --> 198.54.114.166 /public_html/chantler.com Judges.html
2019.10.13 03:29 B C:\Users\Jon\Desktop\WebsiteSave\Chantler\Ruth.html --> 198.54.114.166 /public_html/chantler.com Ruth.html
2019.10.13 03:30 B C:\Users\Jon\Desktop\WebsiteSave\Chantler\1Samuel.html --> 198.54.114.166 /public_html/chantler.com 1Samuel.html
2019.10.13 03:30 B C:\Users\Jon\Desktop\WebsiteSave\Chantler\2Samuel.html --> 198.54.114.166 /public_html/chantler.com 2Samuel.html
2019.10.13 03:30 B C:\Users\Jon\Desktop\WebsiteSave\Chantler\1Kings.html --> 198.54.114.166 /public_html/chantler.com 1Kings.html
2019.10.13 03:30 B C:\Users\Jon\Desktop\WebsiteSave\Chantler\2Kings.html --> 198.54.114.166 /public_html/chantler.com 2Kings.html
2019.10.13 03:30 B C:\Users\Jon\Desktop\WebsiteSave\Chantler\1Chronicles.html --> 198.54.114.166 /public_html/chantler.com 1Chronicles.html
2019.10.13 03:30 B C:\Users\Jon\Desktop\WebsiteSave\Chantler\2Chronicles.html --> 198.54.114.166 /public_html/chantler.com 2Chronicles.html
2019.10.13 03:31 B C:\Users\Jon\Desktop\WebsiteSave\Chantler\Ezra.html --> 198.54.114.166 /public_html/chantler.com Ezra.html
2019.10.13 03:31 B C:\Users\Jon\Desktop\WebsiteSave\Chantler\Nehemiah.html --> 198.54.114.166 /public_html/chantler.com Nehemiah.html
2019.10.13 03:31 B C:\Users\Jon\Desktop\WebsiteSave\Chantler\Esther.html --> 198.54.114.166 /public_html/chantler.com Esther.html
2019.10.13 03:31 B C:\Users\Jon\Desktop\WebsiteSave\Chantler\Job.html --> 198.54.114.166 /public_html/chantler.com Job.html
2019.10.13 03:32 B C:\Users\Jon\Desktop\WebsiteSave\Chantler\Psalms.html --> 198.54.114.166 /public_html/chantler.com Psalms.html
2019.10.13 03:33 B C:\Users\Jon\Desktop\WebsiteSave\Chantler\Proverbs.html --> 198.54.114.166 /public_html/chantler.com Proverbs.html
2019.10.13 03:34 B C:\Users\Jon\Desktop\WebsiteSave\Chantler\Ecclesiastes.html --> 198.54.114.166 /public_html/chantler.com Ecclesiastes.html
2019.10.13 03:34 B C:\Users\Jon\Desktop\WebsiteSave\Chantler\SongofSolomon.html --> 198.54.114.166 /public_html/chantler.com SongofSolomon.html
2019.10.13 03:34 B C:\Users\Jon\Desktop\WebsiteSave\Chantler\Isaiah.html --> 198.54.114.166 /public_html/chantler.com Isaiah.html
2019.10.13 03:34 B C:\Users\Jon\Desktop\WebsiteSave\Chantler\Jeremiah.html --> 198.54.114.166 /public_html/chantler.com Jeremiah.html
2019.10.13 03:35 B C:\Users\Jon\Desktop\WebsiteSave\Chantler\Lamentations.html --> 198.54.114.166 /public_html/chantler.com Lamentations.html
2019.10.13 03:35 B C:\Users\Jon\Desktop\WebsiteSave\Chantler\Exekiel.html --> 198.54.114.166 /public_html/chantler.com Exekiel.html
2019.10.13 03:35 B C:\Users\Jon\Desktop\WebsiteSave\Chantler\Daniel.html --> 198.54.114.166 /public_html/chantler.com Daniel.html
2019.10.13 03:35 B C:\Users\Jon\Desktop\WebsiteSave\Chantler\Hosea.html --> 198.54.114.166 /public_html/chantler.com Hosea.html
2019.10.13 03:35 B C:\Users\Jon\Desktop\WebsiteSave\Chantler\Joel.html --> 198.54.114.166 /public_html/chantler.com Joel.html
2019.10.13 03:36 B C:\Users\Jon\Desktop\WebsiteSave\Chantler\Amos.html --> 198.54.114.166 /public_html/chantler.com Amos.html
2019.10.13 03:36 B C:\Users\Jon\Desktop\WebsiteSave\Chantler\Obadiah.html --> 198.54.114.166 /public_html/chantler.com Obadiah.html
2019.10.13 03:36 B C:\Users\Jon\Desktop\WebsiteSave\Chantler\Jonah.html --> 198.54.114.166 /public_html/chantler.com Jonah.html
2019.10.13 03:36 B C:\Users\Jon\Desktop\WebsiteSave\Chantler\Micah.html --> 198.54.114.166 /public_html/chantler.com Micah.html
2019.10.13 03:36 B C:\Users\Jon\Desktop\WebsiteSave\Chantler\Nahum.html --> 198.54.114.166 /public_html/chantler.com Nahum.html
2019.10.13 03:36 B C:\Users\Jon\Desktop\WebsiteSave\Chantler\Habakkuk.html --> 198.54.114.166 /public_html/chantler.com Habakkuk.html
2019.10.13 03:37 B C:\Users\Jon\Desktop\WebsiteSave\Chantler\Zephaniah.html --> 198.54.114.166 /public_html/chantler.com Zephaniah.html
2019.10.13 03:37 B C:\Users\Jon\Desktop\WebsiteSave\Chantler\Haggai.html --> 198.54.114.166 /public_html/chantler.com Haggai.html
2019.10.13 03:37 B C:\Users\Jon\Desktop\WebsiteSave\Chantler\Zechariah.html --> 198.54.114.166 /public_html/chantler.com Zechariah.html
2019.10.13 03:37 B C:\Users\Jon\Desktop\WebsiteSave\Chantler\Malachi.html --> 198.54.114.166 /public_html/chantler.com Malachi.html
2019.10.13 03:39 B C:\Users\Jon\Desktop\WebsiteSave\Chantler\Exodus1to18.html --> 198.54.114.166 /public_html/chantler.com Exodus1to18.html
2019.10.13 04:17 B C:\Users\Jon\Desktop\WebsiteSave\Chantler\Matthew1to27vs50.bak --> 198.54.114.166 /public_html/chantler.com Matthew1to27vs50.bak
2019.10.13 04:17 B C:\Users\Jon\Desktop\WebsiteSave\Chantler\Matthew1to27vs50.html --> 198.54.114.166 /public_html/chantler.com Matthew1to27vs50.html
2019.10.13 04:18 B C:\Users\Jon\Desktop\WebsiteSave\Chantler\Matthew27vs51to28.html --> 198.54.114.166 /public_html/chantler.com Matthew27vs51to28.html
2019.10.13 04:18 B C:\Users\Jon\Desktop\WebsiteSave\Chantler\Matthew1to27vs50.html --> 198.54.114.166 /public_html/chantler.com Matthew1to27vs50.html
2019.10.13 04:18 B C:\Users\Jon\Desktop\WebsiteSave\Chantler\Mark1to15vs37.html --> 198.54.114.166 /public_html/chantler.com Mark1to15vs37.html
2019.10.13 04:18 B C:\Users\Jon\Desktop\WebsiteSave\Chantler\Mark15vs38to16.html --> 198.54.114.166 /public_html/chantler.com Mark15vs38to16.html
2019.10.13 04:18 B C:\Users\Jon\Desktop\WebsiteSave\Chantler\Luke1to23vs46.html --> 198.54.114.166 /public_html/chantler.com Luke1to23vs46.html
2019.10.13 04:19 B C:\Users\Jon\Desktop\WebsiteSave\Chantler\Luke23vs47to24.html --> 198.54.114.166 /public_html/chantler.com Luke23vs47to24.html
2019.10.13 04:19 B C:\Users\Jon\Desktop\WebsiteSave\Chantler\John1to19vs30.html --> 198.54.114.166 /public_html/chantler.com John1to19vs30.html
2019.10.13 04:19 B C:\Users\Jon\Desktop\WebsiteSave\Chantler\John19vs31to21.html --> 198.54.114.166 /public_html/chantler.com John19vs31to21.html
2019.10.13 04:19 B C:\Users\Jon\Desktop\WebsiteSave\Chantler\Acts1to8.html --> 198.54.114.166 /public_html/chantler.com Acts1to8.html
2019.10.13 04:19 B C:\Users\Jon\Desktop\WebsiteSave\Chantler\Acts9to28.html --> 198.54.114.166 /public_html/chantler.com Acts9to28.html
2019.10.13 04:19 B C:\Users\Jon\Desktop\WebsiteSave\Chantler\Hebrews.html --> 198.54.114.166 /public_html/chantler.com Hebrews.html
2019.10.13 04:19 B C:\Users\Jon\Desktop\WebsiteSave\Chantler\James.html --> 198.54.114.166 /public_html/chantler.com James.html
2019.10.13 04:20 B C:\Users\Jon\Desktop\WebsiteSave\Chantler\1Peter.html --> 198.54.114.166 /public_html/chantler.com 1Peter.html
2019.10.13 04:20 B C:\Users\Jon\Desktop\WebsiteSave\Chantler\2Peter.html --> 198.54.114.166 /public_html/chantler.com 2Peter.html
2019.10.13 04:20 B C:\Users\Jon\Desktop\WebsiteSave\Chantler\1John.html --> 198.54.114.166 /public_html/chantler.com 1John.html
2019.10.13 04:20 B C:\Users\Jon\Desktop\WebsiteSave\Chantler\2John.html --> 198.54.114.166 /public_html/chantler.com 2John.html
2019.10.13 04:20 B C:\Users\Jon\Desktop\WebsiteSave\Chantler\3John.html --> 198.54.114.166 /public_html/chantler.com 3John.html
2019.10.13 04:20 B C:\Users\Jon\Desktop\WebsiteSave\Chantler\Jude.html --> 198.54.114.166 /public_html/chantler.com Jude.html
2019.10.13 04:21 B C:\Users\Jon\Desktop\WebsiteSave\Chantler\Revelation.html --> 198.54.114.166 /public_html/chantler.com Revelation.html
2019.10.21 00:13 B C:\Users\Jon\Desktop\WebsiteSave\Chantler\index.html --> 198.54.114.166 /public_html/chantler.com index.html
2019.10.24 04:33 B C:\Users\Jon\Desktop\WebsiteSave\Chantler\index.html --> 198.54.114.166 /public_html/chantler.com index.html
2020.01.25 00:37 B C:\Users\barry\Desktop\WebsiteSave\Chantler\index.html --> 198.54.114.166 /public_html/chantler.com index.html
2020.01.25 00:54 B C:\Users\barry\Desktop\WebsiteSave\Chantler\index.html --> 198.54.114.166 /public_html/chantler.com index.html
2020.01.25 00:56 B C:\Users\barry\Desktop\WebsiteSave\Chantler\index.html --> 198.54.114.166 /public_html/chantler.com index.html
2020.01.25 01:36 B C:\Users\barry\Desktop\WebsiteSave\Chantler\index.html --> 198.54.114.166 /public_html/chantler.com index.html
2020.06.18 02:07 B C:\Users\barry\Desktop\WebsiteSave\Chantler\Genesis.html --> 198.54.114.166 /public_html/chantler.com Genesis.html
2020.06.18 09:54 B C:\Users\barry\Desktop\WebsiteSave\Chantler\Genesis.html --> 198.54.114.166 /public_html/chantler.com Genesis.html
2020.06.18 10:04 B C:\Users\barry\Desktop\WebsiteSave\Chantler\Genesis.html --> 198.54.114.166 /public_html/chantler.com Genesis.html
2020.06.18 11:11 B C:\Users\barry\Desktop\WebsiteSave\Chantler\Exodus1to18.bak --> 198.54.114.166 /public_html/chantler.com Exodus1to18.bak
2020.06.18 11:14 B C:\Users\barry\Desktop\WebsiteSave\Chantler\Exodus1to18.html --> 198.54.114.166 /public_html/chantler.com Exodus1to18.html
2020.06.18 16:13 B C:\Users\barry\Desktop\WebsiteSave\Chantler\Exodus19to40.html --> 198.54.114.166 /public_html/chantler.com Exodus19to40.html
2020.06.19 15:57 B C:\Users\barry\Desktop\WebsiteSave\Chantler\Leviticus.html --> 198.54.114.166 /public_html/chantler.com Leviticus.html
2020.06.20 02:28 B C:\Users\barry\Desktop\WebsiteSave\Chantler\Numbers.html --> 198.54.114.166 /public_html/chantler.com Numbers.html
2020.06.21 02:34 B C:\Users\barry\Desktop\WebsiteSave\Chantler\Deuteronomy.html --> 198.54.114.166 /public_html/chantler.com Deuteronomy.html
2020.07.12 15:11 B C:\Users\barry\Desktop\WebsiteSave\Chantler\index.html --> 198.54.114.166 /public_html/chantler.com index.html
2020.08.20 15:41 B C:\Users\barry\Desktop\WebsiteSave\Chantler\studies.html --> 198.54.114.166 /public_html/chantler.com studies.html
2020.10.05 03:17 B C:\Users\barry\Desktop\WebsiteSave\Chantler\Joshua.html --> 198.54.114.166 /public_html/chantler.com Joshua.html
2020.10.05 03:50 B C:\Users\barry\Desktop\WebsiteSave\Chantler\Joshua.html --> 198.54.114.166 /public_html/chantler.com Joshua.html
2020.10.06 03:46 B C:\Users\barry\Desktop\WebsiteSave\Chantler\Judges.html --> 198.54.114.166 /public_html/chantler.com Judges.html
2020.10.06 04:01 B C:\Users\barry\Desktop\WebsiteSave\Chantler\Ruth.html --> 198.54.114.166 /public_html/chantler.com Ruth.html
2020.10.12 04:06 B C:\Users\barry\Desktop\WebsiteSave\Chantler\1Samuel.html --> 198.54.114.166 /public_html/chantler.com 1Samuel.html
2020.10.12 05:48 B C:\Users\barry\Desktop\WebsiteSave\Chantler\2Samuel.html --> 198.54.114.166 /public_html/chantler.com 2Samuel.html
2020.10.13 03:45 B C:\Users\barry\Desktop\WebsiteSave\Chantler\1Kings.html --> 198.54.114.166 /public_html/chantler.com 1Kings.html
2020.10.13 04:52 B C:\Users\barry\Desktop\WebsiteSave\Chantler\2Kings.html --> 198.54.114.166 /public_html/chantler.com 2Kings.html
2020.10.13 06:14 B C:\Users\barry\Desktop\WebsiteSave\Chantler\1Chronicles.html --> 198.54.114.166 /public_html/chantler.com 1Chronicles.html
2020.10.14 04:13 B C:\Users\barry\Desktop\WebsiteSave\Chantler\2Chronicles.html --> 198.54.114.166 /public_html/chantler.com 2Chronicles.html
2020.10.14 04:37 B C:\Users\barry\Desktop\WebsiteSave\Chantler\Ezra.html --> 198.54.114.166 /public_html/chantler.com Ezra.html
2020.10.14 05:08 B C:\Users\barry\Desktop\WebsiteSave\Chantler\Nehemiah.html --> 198.54.114.166 /public_html/chantler.com Nehemiah.html
2020.10.14 05:24 B C:\Users\barry\Desktop\WebsiteSave\Chantler\Esther.html --> 198.54.114.166 /public_html/chantler.com Esther.html
2020.10.14 05:50 B C:\Users\barry\Desktop\WebsiteSave\Chantler\Job.html --> 198.54.114.166 /public_html/chantler.com Job.html
2020.10.15 03:08 B C:\Users\barry\Desktop\WebsiteSave\Chantler\Proverbs.html --> 198.54.114.166 /public_html/chantler.com Proverbs.html
2020.10.15 03:09 B C:\Users\barry\Desktop\WebsiteSave\Chantler\Psalms.html --> 198.54.114.166 /public_html/chantler.com Psalms.html
2020.10.15 03:51 B C:\Users\barry\Desktop\WebsiteSave\Chantler\Ecclesiastes.html --> 198.54.114.166 /public_html/chantler.com Ecclesiastes.html
2020.10.15 04:08 B C:\Users\barry\Desktop\WebsiteSave\Chantler\SongofSolomon.html --> 198.54.114.166 /public_html/chantler.com SongofSolomon.html
2020.10.15 06:07 B C:\Users\barry\Desktop\WebsiteSave\Chantler\Isaiah.html --> 198.54.114.166 /public_html/chantler.com Isaiah.html
2020.10.16 05:06 B C:\Users\barry\Desktop\WebsiteSave\Chantler\Jeremiah.html --> 198.54.114.166 /public_html/chantler.com Jeremiah.html
2020.10.16 05:16 B C:\Users\barry\Desktop\WebsiteSave\Chantler\Lamentations.html --> 198.54.114.166 /public_html/chantler.com Lamentations.html
2020.10.16 06:14 B C:\Users\barry\Desktop\WebsiteSave\Chantler\Exekiel.html --> 198.54.114.166 /public_html/chantler.com Exekiel.html
2020.10.17 04:46 B C:\Users\barry\Desktop\WebsiteSave\Chantler\Exekiel.html --> 198.54.114.166 /public_html/chantler.com Exekiel.html
2020.10.17 05:12 B C:\Users\barry\Desktop\WebsiteSave\Chantler\Daniel.html --> 198.54.114.166 /public_html/chantler.com Daniel.html
2020.10.17 05:31 B C:\Users\barry\Desktop\WebsiteSave\Chantler\Hosea.html --> 198.54.114.166 /public_html/chantler.com Hosea.html
2020.10.17 05:37 B C:\Users\barry\Desktop\WebsiteSave\Chantler\Joel.html --> 198.54.114.166 /public_html/chantler.com Joel.html
2020.10.17 11:32 B C:\Users\barry\Desktop\WebsiteSave\Chantler\Amos.html --> 198.54.114.166 /public_html/chantler.com Amos.html
2020.10.17 11:40 B C:\Users\barry\Desktop\WebsiteSave\Chantler\Obadiah.html --> 198.54.114.166 /public_html/chantler.com Obadiah.html
2020.10.17 11:40 B C:\Users\barry\Desktop\WebsiteSave\Chantler\Jonah.html --> 198.54.114.166 /public_html/chantler.com Jonah.html
2020.10.17 13:51 B C:\Users\barry\Desktop\WebsiteSave\Chantler\Micah.html --> 198.54.114.166 /public_html/chantler.com Micah.html
2020.10.17 13:54 B C:\Users\barry\Desktop\WebsiteSave\Chantler\Nahum.html --> 198.54.114.166 /public_html/chantler.com Nahum.html
2020.10.17 14:05 B C:\Users\barry\Desktop\WebsiteSave\Chantler\Habakkuk.html --> 198.54.114.166 /public_html/chantler.com Habakkuk.html
2020.10.17 14:13 B C:\Users\barry\Desktop\WebsiteSave\Chantler\Zephaniah.html --> 198.54.114.166 /public_html/chantler.com Zephaniah.html
2020.10.17 14:17 B C:\Users\barry\Desktop\WebsiteSave\Chantler\Haggai.html --> 198.54.114.166 /public_html/chantler.com Haggai.html
2020.10.17 15:54 B C:\Users\barry\Desktop\WebsiteSave\Chantler\Zechariah.html --> 198.54.114.166 /public_html/chantler.com Zechariah.html
2020.10.17 16:05 B C:\Users\barry\Desktop\WebsiteSave\Chantler\Malachi.html --> 198.54.114.166 /public_html/chantler.com Malachi.html
2020.10.20 14:30 B C:\Users\barry\Desktop\WebsiteSave\Chantler\Matthew1to27vs50.html --> 198.54.114.166 /public_html/chantler.com Matthew1to27vs50.html
2020.10.20 14:35 B C:\Users\barry\Desktop\WebsiteSave\Chantler\Matthew27vs51to28.html --> 198.54.114.166 /public_html/chantler.com Matthew27vs51to28.html
2020.10.21 05:24 B C:\Users\barry\Desktop\WebsiteSave\Chantler\Mark15vs38to16.html --> 198.54.114.166 /public_html/chantler.com Mark15vs38to16.html
2020.10.21 05:24 B C:\Users\barry\Desktop\WebsiteSave\Chantler\Mark1to15vs37.html --> 198.54.114.166 /public_html/chantler.com Mark1to15vs37.html
2020.10.21 08:06 B C:\Users\barry\Desktop\WebsiteSave\Chantler\Luke1to23vs46.html --> 198.54.114.166 /public_html/chantler.com Luke1to23vs46.html
2020.10.21 08:06 B C:\Users\barry\Desktop\WebsiteSave\Chantler\Luke23vs47to24.html --> 198.54.114.166 /public_html/chantler.com Luke23vs47to24.html
2020.10.22 03:57 B C:\Users\barry\Desktop\WebsiteSave\Chantler\John1to19vs30.html --> 198.54.114.166 /public_html/chantler.com John1to19vs30.html
2020.10.22 03:57 B C:\Users\barry\Desktop\WebsiteSave\Chantler\John19vs31to21.html --> 198.54.114.166 /public_html/chantler.com John19vs31to21.html
2020.10.22 05:19 B C:\Users\barry\Desktop\WebsiteSave\Chantler\Acts1to8.html --> 198.54.114.166 /public_html/chantler.com Acts1to8.html
2020.10.22 05:19 B C:\Users\barry\Desktop\WebsiteSave\Chantler\Acts9to28.html --> 198.54.114.166 /public_html/chantler.com Acts9to28.html
2020.10.22 12:39 B C:\Users\barry\Desktop\WebsiteSave\Chantler\Hebrews.html --> 198.54.114.166 /public_html/chantler.com Hebrews.html
2020.10.22 12:39 B C:\Users\barry\Desktop\WebsiteSave\Chantler\1Peter.html --> 198.54.114.166 /public_html/chantler.com 1Peter.html
2020.10.22 12:39 B C:\Users\barry\Desktop\WebsiteSave\Chantler\2Peter.html --> 198.54.114.166 /public_html/chantler.com 2Peter.html
2020.10.22 12:40 B C:\Users\barry\Desktop\WebsiteSave\Chantler\James.html --> 198.54.114.166 /public_html/chantler.com James.html
2020.10.22 12:59 B C:\Users\barry\Desktop\WebsiteSave\Chantler\Revelation.html --> 198.54.114.166 /public_html/chantler.com Revelation.html
2020.10.22 13:00 B C:\Users\barry\Desktop\WebsiteSave\Chantler\1John.html --> 198.54.114.166 /public_html/chantler.com 1John.html
2020.10.22 13:00 B C:\Users\barry\Desktop\WebsiteSave\Chantler\2John.html --> 198.54.114.166 /public_html/chantler.com 2John.html
2020.10.22 13:00 B C:\Users\barry\Desktop\WebsiteSave\Chantler\3John.html --> 198.54.114.166 /public_html/chantler.com 3John.html
2020.10.22 13:00 B C:\Users\barry\Desktop\WebsiteSave\Chantler\Jude.html --> 198.54.114.166 /public_html/chantler.com Jude.html
2020.10.24 15:22 B C:\Users\barry\Desktop\WebsiteSave\Chantler\Genesis.html --> 198.54.114.166 /public_html/chantler.com Genesis.html
2020.10.24 15:41 B C:\Users\barry\Desktop\WebsiteSave\Chantler\Exodus1to18.bak --> 198.54.114.166 /public_html/chantler.com Exodus1to18.bak
2020.10.24 15:43 B C:\Users\barry\Desktop\WebsiteSave\Chantler\Exodus1to18.html --> 198.54.114.166 /public_html/chantler.com Exodus1to18.html
2020.10.24 17:13 B C:\Users\barry\Desktop\WebsiteSave\Chantler\Joshua.html --> 198.54.114.166 /public_html/chantler.com Joshua.html
2020.10.26 01:53 B C:\Users\barry\Desktop\WebsiteSave\Chantler\Judges.html --> 198.54.114.166 /public_html/chantler.com Judges.html
2020.10.26 02:01 B C:\Users\barry\Desktop\WebsiteSave\Chantler\Ruth.html --> 198.54.114.166 /public_html/chantler.com Ruth.html
2020.10.26 02:30 B C:\Users\barry\Desktop\WebsiteSave\Chantler\1Samuel.html --> 198.54.114.166 /public_html/chantler.com 1Samuel.html
2020.10.26 02:54 B C:\Users\barry\Desktop\WebsiteSave\Chantler\2Samuel.html --> 198.54.114.166 /public_html/chantler.com 2Samuel.html
2020.10.30 03:05 B C:\Users\barry\Desktop\WebsiteSave\Chantler\1Kings.html --> 198.54.114.166 /public_html/chantler.com 1Kings.html
2020.10.30 03:32 B C:\Users\barry\Desktop\WebsiteSave\Chantler\2Kings.html --> 198.54.114.166 /public_html/chantler.com 2Kings.html
2020.10.30 03:35 B C:\Users\barry\Desktop\WebsiteSave\Chantler\2Kings.html --> 198.54.114.166 /public_html/chantler.com 2Kings.html
2020.10.30 03:46 B C:\Users\barry\Desktop\WebsiteSave\Chantler\2Kings.html --> 198.54.114.166 /public_html/chantler.com 2Kings.html
2020.10.30 03:58 B C:\Users\barry\Desktop\WebsiteSave\Chantler\Genesis.html --> 198.54.114.166 /public_html/chantler.com Genesis.html
2020.12.02 01:09 B C:\Users\barry\Desktop\WebsiteSave\Chantler\index.html --> 198.54.114.166 /public_html/chantler.com index.html
2020.12.02 01:10 B C:\Users\barry\Desktop\WebsiteSave\Chantler\index.html --> 198.54.114.166 /public_html/chantler.com index.html
2020.12.02 01:33 B C:\Users\barry\Desktop\WebsiteSave\Chantler\index.html --> 198.54.114.166 /public_html/chantler.com index.html
2020.12.02 01:38 B C:\Users\barry\Desktop\WebsiteSave\Chantler\index.html --> 198.54.114.166 /public_html/chantler.com index.html
2020.12.02 01:39 B C:\Users\barry\Desktop\WebsiteSave\Chantler\index.html --> 198.54.114.166 /public_html/chantler.com index.html
2020.12.02 02:26 B C:\Users\barry\Desktop\WebsiteSave\Chantler\studies.html --> 198.54.114.166 /public_html/chantler.com studies.html
2020.12.02 02:33 B C:\Users\barry\Desktop\WebsiteSave\Chantler\studies.html --> 198.54.114.166 /public_html/chantler.com studies.html
2020.12.02 02:45 B C:\Users\barry\Desktop\WebsiteSave\Chantler\studies.html --> 198.54.114.166 /public_html/chantler.com studies.html
2020.12.02 02:47 B C:\Users\barry\Desktop\WebsiteSave\Chantler\nomorelies.mp4 --> 198.54.114.166 /public_html/chantler.com nomorelies.mp4
2020.12.02 03:07 B C:\Users\barry\Desktop\WebsiteSave\Chantler\gallery.html --> 198.54.114.166 /public_html/chantler.com gallery.html
2020.12.02 03:33 B C:\Users\barry\Desktop\WebsiteSave\Chantler\gallery.html --> 198.54.114.166 /public_html/chantler.com gallery.html
2021.01.20 01:54 B C:\Users\BarryMain\Desktop\WebsiteSave\Chantler\index.html --> 198.54.114.166 /public_html/chantler.com index.html
2021.02.15 02:46 B C:\Users\BarryMain\Desktop\WebsiteSave\Chantler\Genesis.html --> 198.54.114.166 /public_html/chantler.com Genesis.html
2021.02.15 02:58 B C:\Users\BarryMain\Desktop\WebsiteSave\Chantler\Genesis.html --> 198.54.114.166 /public_html/chantler.com Genesis.html
2021.02.15 09:52 B C:\Users\BarryMain\Desktop\WebsiteSave\Chantler\Genesis.html --> 198.54.114.166 /public_html/chantler.com Genesis.html
2021.02.16 02:34 B C:\Users\BarryMain\Desktop\WebsiteSave\Chantler\Genesis.html --> 198.54.114.166 /public_html/chantler.com Genesis.html
2021.02.17 02:51 B C:\Users\BarryMain\Desktop\WebsiteSave\Chantler\Genesis.html --> 198.54.114.166 /public_html/chantler.com Genesis.html
2021.02.18 03:32 B C:\Users\BarryMain\Desktop\WebsiteSave\Chantler\Genesis.html --> 198.54.114.166 /public_html/chantler.com Genesis.html
2021.02.19 02:40 B C:\Users\BarryMain\Desktop\WebsiteSave\Chantler\Genesis.html --> 198.54.114.166 /public_html/chantler.com Genesis.html
2021.02.20 11:04 B C:\Users\BarryMain\Desktop\WebsiteSave\Chantler\Genesis.html --> 198.54.114.166 /public_html/chantler.com Genesis.html
2021.02.21 02:54 B C:\Users\BarryMain\Desktop\WebsiteSave\Chantler\Genesis.html --> 198.54.114.166 /public_html Genesis.html
2021.02.21 02:55 B C:\Users\BarryMain\Desktop\WebsiteSave\Chantler\Genesis.html --> 198.54.114.166 /public_html/chantler.com Genesis.html
2021.02.22 10:31 B C:\Users\BarryMain\Desktop\WebsiteSave\Chantler\Genesis.html --> 198.54.114.166 /public_html/chantler.com Genesis.html
2021.02.22 11:08 B C:\Users\BarryMain\Desktop\WebsiteSave\Chantler\Genesis.html --> 198.54.114.166 /public_html/chantler.com Genesis.html
2021.02.23 02:16 B C:\Users\BarryMain\Desktop\WebsiteSave\Chantler\Genesis.html --> 198.54.114.166 /public_html/chantler.com Genesis.html
2021.02.25 02:27 B C:\Users\BarryMain\Desktop\WebsiteSave\Chantler\Genesis.html --> 198.54.114.166 /public_html/chantler.com Genesis.html
2021.02.28 02:58 B C:\Users\BarryMain\Desktop\WebsiteSave\Chantler\Genesis.html --> 198.54.114.166 /public_html/chantler.com Genesis.html
2021.03.01 01:08 B C:\Users\BarryMain\Desktop\WebsiteSave\Chantler\Genesis.html --> 198.54.114.166 /public_html/chantler.com Genesis.html
2021.03.04 02:46 B C:\Users\BarryMain\Desktop\WebsiteSave\Chantler\Exodus1to18.html --> 198.54.114.166 /public_html/chantler.com Exodus1to18.html
2021.03.06 02:43 B C:\Users\BarryMain\Desktop\WebsiteSave\Chantler\Exodus1to18.bak --> 198.54.114.166 /public_html/chantler.com Exodus1to18.bak
2021.03.06 02:45 B C:\Users\BarryMain\Desktop\WebsiteSave\Chantler\Exodus1to18.html --> 198.54.114.166 /public_html/chantler.com Exodus1to18.html
2021.03.10 02:27 B C:\Users\BarryMain\Desktop\WebsiteSave\Chantler\Exodus1to18.html --> 198.54.114.166 /public_html/chantler.com Exodus1to18.html
2021.03.11 09:37 B C:\Users\BarryMain\Desktop\WebsiteSave\Chantler\Exodus1to18.html --> 198.54.114.166 /public_html/chantler.com Exodus1to18.html
2021.03.12 02:00 B C:\Users\BarryMain\Desktop\WebsiteSave\Chantler\Exodus1to18.html --> 198.54.114.166 /public_html/chantler.com Exodus1to18.html
2021.03.16 02:33 B C:\Users\BarryMain\Desktop\WebsiteSave\Chantler\Exodus1to18.html --> 198.54.114.166 /public_html/chantler.com Exodus1to18.html
2021.03.17 02:37 B C:\Users\BarryMain\Desktop\WebsiteSave\Chantler\Exodus19to40.html --> 198.54.114.166 /public_html/chantler.com Exodus19to40.html
2021.03.18 02:31 B C:\Users\BarryMain\Desktop\WebsiteSave\Chantler\Exodus19to40.html --> 198.54.114.166 /public_html/chantler.com Exodus19to40.html
2021.03.20 02:29 B C:\Users\BarryMain\Desktop\WebsiteSave\Chantler\Exodus19to40.html --> 198.54.114.166 /public_html/chantler.com Exodus19to40.html
2021.03.24 03:00 B C:\Users\BarryMain\Desktop\WebsiteSave\Chantler\Exodus19to40.html --> 198.54.114.166 /public_html/chantler.com Exodus19to40.html
2021.03.25 02:44 B C:\Users\BarryMain\Desktop\WebsiteSave\Chantler\Exodus19to40.html --> 198.54.114.166 /public_html/chantler.com Exodus19to40.html
2021.03.27 02:32 B C:\Users\BarryMain\Desktop\WebsiteSave\Chantler\Exodus19to40.html --> 198.54.114.166 /public_html/chantler.com Exodus19to40.html
2021.03.28 02:15 B C:\Users\BarryMain\Desktop\WebsiteSave\Chantler\Exodus19to40.html --> 198.54.114.166 /public_html/chantler.com Exodus19to40.html
2021.03.29 02:49 B C:\Users\BarryMain\Desktop\WebsiteSave\Chantler\Exodus19to40.html --> 198.54.114.166 /public_html/chantler.com Exodus19to40.html
2021.03.31 02:44 B C:\Users\BarryMain\Desktop\WebsiteSave\Chantler\Leviticus.html --> 198.54.114.166 /public_html/chantler.com Leviticus.html
2021.04.02 02:27 B C:\Users\BarryMain\Desktop\WebsiteSave\Chantler\Leviticus.html --> 198.54.114.166 /public_html/chantler.com Leviticus.html
2021.04.03 02:35 B C:\Users\BarryMain\Desktop\WebsiteSave\Chantler\Leviticus.html --> 198.54.114.166 /public_html/chantler.com Leviticus.html
2021.04.05 02:23 B C:\Users\BarryMain\Desktop\WebsiteSave\Chantler\Leviticus.html --> 198.54.114.166 /public_html/chantler.com Leviticus.html
2021.04.06 02:26 B C:\Users\BarryMain\Desktop\WebsiteSave\Chantler\Leviticus.html --> 198.54.114.166 /public_html/chantler.com Leviticus.html
2021.04.07 02:06 B C:\Users\BarryMain\Desktop\WebsiteSave\Chantler\Leviticus.html --> 198.54.114.166 /public_html/chantler.com Leviticus.html
2021.04.08 02:24 B C:\Users\BarryMain\Desktop\WebsiteSave\Chantler\Leviticus.html --> 198.54.114.166 /public_html/chantler.com Leviticus.html
2021.04.09 02:29 B C:\Users\BarryMain\Desktop\WebsiteSave\Chantler\Leviticus.html --> 198.54.114.166 /public_html/chantler.com Leviticus.html
2021.04.13 02:41 B C:\Users\BarryMain\Desktop\WebsiteSave\Chantler\Numbers.html --> 198.54.114.166 /public_html/chantler.com Numbers.html
2021.04.14 02:50 B C:\Users\BarryMain\Desktop\WebsiteSave\Chantler\Numbers.html --> 198.54.114.166 /public_html/chantler.com Numbers.html
2021.04.15 02:44 B C:\Users\BarryMain\Desktop\WebsiteSave\Chantler\Numbers.html --> 198.54.114.166 /public_html/chantler.com Numbers.html
2021.04.16 02:38 B C:\Users\BarryMain\Desktop\WebsiteSave\Chantler\Numbers.html --> 198.54.114.166 /public_html/chantler.com Numbers.html
2021.04.17 02:19 B C:\Users\BarryMain\Desktop\WebsiteSave\Chantler\Numbers.html --> 198.54.114.166 /public_html/chantler.com Numbers.html
2021.04.20 02:27 B C:\Users\BarryMain\Desktop\WebsiteSave\Chantler\Numbers.html --> 198.54.114.166 /public_html/chantler.com Numbers.html
2021.04.21 02:37 B C:\Users\BarryMain\Desktop\WebsiteSave\Chantler\Numbers.html --> 198.54.114.166 /public_html/chantler.com Numbers.html
2021.05.02 02:43 B C:\Users\BarryMain\Desktop\WebsiteSave\Chantler\Numbers.html --> 198.54.114.166 /public_html/chantler.com Numbers.html
2021.05.03 17:01 B C:\Users\BarryMain\Desktop\WebsiteSave\Chantler\Numbers.html --> 198.54.114.166 /public_html/chantler.com Numbers.html
2021.05.05 03:00 B C:\Users\BarryMain\Desktop\WebsiteSave\Chantler\Numbers.html --> 198.54.114.166 /public_html/chantler.com Numbers.html
2021.05.06 01:49 B C:\Users\BarryMain\Desktop\WebsiteSave\Chantler\Numbers.html --> 198.54.114.166 /public_html Numbers.html
2021.05.06 01:50 B C:\Users\BarryMain\Desktop\WebsiteSave\Chantler\Numbers.html --> 198.54.114.166 /public_html/chantler.com Numbers.html
2021.05.06 02:22 B C:\Users\BarryMain\Desktop\WebsiteSave\Chantler\Deuteronomy.html --> 198.54.114.166 /public_html/chantler.com Deuteronomy.html
2021.05.15 02:36 B C:\Users\BarryMain\Desktop\WebsiteSave\Chantler\Deuteronomy.html --> 198.54.114.166 /public_html/chantler.com Deuteronomy.html
2021.05.18 02:25 B C:\Users\BarryMain\Desktop\WebsiteSave\Chantler\Deuteronomy.html --> 198.54.114.166 /public_html/chantler.com Deuteronomy.html
2021.05.21 02:37 B C:\Users\BarryMain\Desktop\WebsiteSave\Chantler\Deuteronomy.html --> 198.54.114.166 /public_html/chantler.com Deuteronomy.html
2021.05.23 02:32 B C:\Users\BarryMain\Desktop\WebsiteSave\Chantler\Deuteronomy.html --> 198.54.114.166 /public_html/chantler.com Deuteronomy.html
2021.05.23 02:37 B C:\Users\BarryMain\Desktop\WebsiteSave\Chantler\Deuteronomy.html --> 198.54.114.166 /public_html/chantler.com Deuteronomy.html
2021.05.25 02:20 B C:\Users\BarryMain\Desktop\WebsiteSave\Chantler\Deuteronomy.html --> 198.54.114.166 /public_html/chantler.com Deuteronomy.html
2021.05.27 02:07 B C:\Users\BarryMain\Desktop\WebsiteSave\Chantler\Deuteronomy.html --> 198.54.114.166 /public_html/chantler.com Deuteronomy.html
2021.05.27 16:11 B C:\Users\BarryMain\Desktop\WebsiteSave\Chantler\Deuteronomy.html --> 198.54.114.166 /public_html/chantler.com Deuteronomy.html
2021.05.28 02:10 B C:\Users\BarryMain\Desktop\WebsiteSave\Chantler\Deuteronomy.html --> 198.54.114.166 /public_html/chantler.com Deuteronomy.html
2021.05.29 02:30 B C:\Users\BarryMain\Desktop\WebsiteSave\Chantler\Joshua.html --> 198.54.114.166 /public_html/chantler.com Joshua.html
2021.05.30 02:36 B C:\Users\BarryMain\Desktop\WebsiteSave\Chantler\Joshua.html --> 198.54.114.166 /public_html/chantler.com Joshua.html
2021.05.31 17:29 B C:\Users\BarryMain\Desktop\WebsiteSave\Chantler\Joshua.html --> 198.54.114.166 /public_html Joshua.html
2021.05.31 17:30 B C:\Users\BarryMain\Desktop\WebsiteSave\Chantler\Joshua.html --> 198.54.114.166 /public_html/chantler.com Joshua.html
2021.06.02 02:30 B C:\Users\BarryMain\Desktop\WebsiteSave\Chantler\Joshua.html --> 198.54.114.166 /public_html/chantler.com Joshua.html
2021.06.03 02:21 B C:\Users\BarryMain\Desktop\WebsiteSave\Chantler\Joshua.html --> 198.54.114.166 /public_html/chantler.com Joshua.html
2021.06.04 02:34 B C:\Users\BarryMain\Desktop\WebsiteSave\Chantler\Joshua.html --> 198.54.114.166 /public_html/chantler.com Joshua.html
2021.06.05 02:32 B C:\Users\BarryMain\Desktop\WebsiteSave\Chantler\Joshua.html --> 198.54.114.166 /public_html/chantler.com Joshua.html
2021.06.07 17:10 B C:\Users\BarryMain\Desktop\WebsiteSave\Chantler\Judges.html --> 198.54.114.166 /public_html/chantler.com Judges.html
2021.06.08 17:20 B C:\Users\BarryMain\Desktop\WebsiteSave\Chantler\Judges.html --> 198.54.114.166 /public_html/chantler.com Judges.html
2021.06.10 04:58 B C:\Users\BarryMain\Desktop\WebsiteSave\Chantler\Judges.html --> 198.54.114.166 /public_html/chantler.com Judges.html
2021.06.11 02:30 B C:\Users\BarryMain\Desktop\WebsiteSave\Chantler\Judges.html --> 198.54.114.166 /public_html/chantler.com Judges.html
2021.06.11 17:23 B C:\Users\BarryMain\Desktop\WebsiteSave\Chantler\Judges.html --> 198.54.114.166 /public_html/chantler.com Judges.html
2021.06.12 02:36 B C:\Users\BarryMain\Desktop\WebsiteSave\Chantler\Judges.html --> 198.54.114.166 /public_html/chantler.com Judges.html
2021.06.12 17:26 B C:\Users\BarryMain\Desktop\WebsiteSave\Chantler\Judges.html --> 198.54.114.166 /public_html/chantler.com Judges.html
2021.06.12 17:30 B C:\Users\BarryMain\Desktop\WebsiteSave\Chantler\Judges.html --> 198.54.114.166 /public_html/chantler.com Judges.html
2021.06.13 17:00 B C:\Users\BarryMain\Desktop\WebsiteSave\Chantler\Judges.html --> 198.54.114.166 /public_html/chantler.com Judges.html
2021.06.14 02:02 B C:\Users\BarryMain\Desktop\WebsiteSave\Chantler\Judges.html --> 198.54.114.166 /public_html/chantler.com Judges.html
2021.06.14 02:34 B C:\Users\BarryMain\Desktop\WebsiteSave\Chantler\Judges.html --> 198.54.114.166 /public_html/chantler.com Judges.html
2021.06.14 17:11 B C:\Users\BarryMain\Desktop\WebsiteSave\Chantler\Judges.html --> 198.54.114.166 /public_html/chantler.com Judges.html
2021.06.14 17:11 B C:\Users\BarryMain\Desktop\WebsiteSave\Chantler\Ruth.html --> 198.54.114.166 /public_html/chantler.com Ruth.html
2021.06.14 17:13 B C:\Users\BarryMain\Desktop\WebsiteSave\Chantler\Ruth.html --> 198.54.114.166 /public_html/chantler.com Ruth.html
2021.06.15 09:34 B C:\Users\BarryMain\Desktop\WebsiteSave\Chantler\Ruth.html --> 198.54.114.166 /public_html/chantler.com Ruth.html
2021.06.15 09:49 B C:\Users\BarryMain\Desktop\WebsiteSave\Chantler\Ruth.html --> 198.54.114.166 /public_html/chantler.com Ruth.html
2021.06.16 02:56 B C:\Users\BarryMain\Desktop\WebsiteSave\Chantler\1Samuel.html --> 198.54.114.166 /public_html/chantler.com 1Samuel.html
2021.06.16 02:59 B C:\Users\BarryMain\Desktop\WebsiteSave\Chantler\1Samuel.html --> 198.54.114.166 /public_html/chantler.com 1Samuel.html
2021.06.16 03:00 B C:\Users\BarryMain\Desktop\WebsiteSave\Chantler\1Samuel.html --> 198.54.114.166 /public_html/chantler.com 1Samuel.html
2021.06.16 17:24 B C:\Users\BarryMain\Desktop\WebsiteSave\Chantler\1Samuel.html --> 198.54.114.166 /public_html/chantler.com 1Samuel.html
2021.06.17 02:29 B C:\Users\BarryMain\Desktop\WebsiteSave\Chantler\1Samuel.html --> 198.54.114.166 /public_html/chantler.com 1Samuel.html
2021.06.19 02:26 B C:\Users\BarryMain\Desktop\WebsiteSave\Chantler\1Samuel.html --> 198.54.114.166 /public_html/chantler.com 1Samuel.html
2021.06.22 02:49 B C:\Users\BarryMain\Desktop\WebsiteSave\Chantler\1Samuel.html --> 198.54.114.166 /public_html/chantler.com 1Samuel.html
2021.06.24 02:48 B C:\Users\BarryMain\Desktop\WebsiteSave\Chantler\1Samuel.html --> 198.54.114.166 /public_html/chantler.com 1Samuel.html
2021.06.26 02:49 B C:\Users\BarryMain\Desktop\WebsiteSave\Chantler\1Samuel.html --> 198.54.114.166 /public_html/chantler.com 1Samuel.html
2021.06.27 02:22 B C:\Users\BarryMain\Desktop\WebsiteSave\Chantler\1Samuel.html --> 198.54.114.166 /public_html/chantler.com 1Samuel.html
2021.06.27 16:16 B C:\Users\BarryMain\Desktop\WebsiteSave\Chantler\1Samuel.html --> 198.54.114.166 /public_html/chantler.com 1Samuel.html
2021.06.28 02:36 B C:\Users\BarryMain\Desktop\WebsiteSave\Chantler\1Samuel.html --> 198.54.114.166 /public_html/chantler.com 1Samuel.html
2021.06.29 02:52 B C:\Users\BarryMain\Desktop\WebsiteSave\Chantler\1Samuel.html --> 198.54.114.166 /public_html/chantler.com 1Samuel.html
2021.06.29 02:56 B C:\Users\BarryMain\Desktop\WebsiteSave\Chantler\1Samuel.html --> 198.54.114.166 /public_html/chantler.com 1Samuel.html
2021.06.29 02:59 B C:\Users\BarryMain\Desktop\WebsiteSave\Chantler\1Samuel.html --> 198.54.114.166 /public_html/chantler.com 1Samuel.html
2021.06.30 17:32 B C:\Users\BarryMain\Desktop\WebsiteSave\Chantler\2Samuel.html --> 198.54.114.166 /public_html/chantler.com 2Samuel.html
2021.07.01 02:36 B C:\Users\BarryMain\Desktop\WebsiteSave\Chantler\2Samuel.html --> 198.54.114.166 /public_html/chantler.com 2Samuel.html
2021.07.02 02:01 B C:\Users\BarryMain\Desktop\WebsiteSave\Chantler\2Samuel.html --> 198.54.114.166 /public_html/chantler.com 2Samuel.html
2021.07.03 02:20 B C:\Users\BarryMain\Desktop\WebsiteSave\Chantler\2Samuel.html --> 198.54.114.166 /public_html/chantler.com 2Samuel.html
2021.07.06 02:28 B C:\Users\BarryMain\Desktop\WebsiteSave\Chantler\2Samuel.html --> 198.54.114.166 /public_html/chantler.com 2Samuel.html
2021.07.07 02:25 B C:\Users\BarryMain\Desktop\WebsiteSave\Chantler\2Samuel.html --> 198.54.114.166 /public_html/chantler.com 2Samuel.html
2021.07.08 01:24 B C:\Users\BarryMain\Desktop\WebsiteSave\Chantler\2Samuel.html --> 198.54.114.166 /public_html/chantler.com 2Samuel.html
2021.07.09 16:36 B C:\Users\BarryMain\Desktop\WebsiteSave\Chantler\1Kings.html --> 198.54.114.166 /public_html/chantler.com 1Kings.html
2021.07.11 01:48 B C:\Users\BarryMain\Desktop\WebsiteSave\Chantler\1Kings.html --> 198.54.114.166 /public_html/chantler.com 1Kings.html
2021.07.12 02:18 B C:\Users\BarryMain\Desktop\WebsiteSave\Chantler\1Kings.html --> 198.54.114.166 /public_html/chantler.com 1Kings.html
2021.07.16 02:30 B C:\Users\BarryMain\Desktop\WebsiteSave\Chantler\1Kings.html --> 198.54.114.166 /public_html/chantler.com 1Kings.html
2021.07.17 02:37 B C:\Users\BarryMain\Desktop\WebsiteSave\Chantler\1Kings.html --> 198.54.114.166 /public_html/chantler.com 1Kings.html
2021.07.18 02:22 B C:\Users\BarryMain\Desktop\WebsiteSave\Chantler\1Kings.html --> 198.54.114.166 /public_html/chantler.com 1Kings.html
2021.07.20 02:21 B C:\Users\BarryMain\Desktop\WebsiteSave\Chantler\1Kings.html --> 198.54.114.166 /public_html/chantler.com 1Kings.html
2021.07.21 01:48 B C:\Users\BarryMain\Desktop\WebsiteSave\Chantler\1Kings.html --> 198.54.114.166 /public_html/chantler.com 1Kings.html
2021.07.21 02:29 B C:\Users\BarryMain\Desktop\WebsiteSave\Chantler\1Kings.html --> 198.54.114.166 /public_html/chantler.com 1Kings.html
2021.07.22 02:32 B C:\Users\BarryMain\Desktop\WebsiteSave\Chantler\1Kings.html --> 198.54.114.166 /public_html/chantler.com 1Kings.html
2021.09.21 02:27 B C:\Users\BarryMain\Desktop\WebsiteSave\Chantler\Job.html --> 198.54.114.166 /public_html/chantler.com Job.html
